{
  "E:\\Project\\10xCards\\astro.config.mjs": {
    "path": "E:\\Project\\10xCards\\astro.config.mjs",
    "all": true,
    "statementMap": {
      "0": { "start": { "line": 1, "column": 0 }, "end": { "line": 1, "column": 12 } },
      "1": { "start": { "line": 2, "column": 0 }, "end": { "line": 2, "column": 44 } },
      "2": { "start": { "line": 3, "column": 0 }, "end": { "line": 3, "column": 0 } },
      "3": { "start": { "line": 4, "column": 0 }, "end": { "line": 4, "column": 35 } },
      "4": { "start": { "line": 5, "column": 0 }, "end": { "line": 5, "column": 39 } },
      "5": { "start": { "line": 6, "column": 0 }, "end": { "line": 6, "column": 44 } },
      "6": { "start": { "line": 7, "column": 0 }, "end": { "line": 7, "column": 0 } },
      "7": { "start": { "line": 8, "column": 0 }, "end": { "line": 8, "column": 29 } },
      "8": { "start": { "line": 9, "column": 0 }, "end": { "line": 9, "column": 29 } },
      "9": { "start": { "line": 10, "column": 0 }, "end": { "line": 10, "column": 19 } },
      "10": { "start": { "line": 11, "column": 0 }, "end": { "line": 11, "column": 37 } },
      "11": { "start": { "line": 12, "column": 0 }, "end": { "line": 12, "column": 25 } },
      "12": { "start": { "line": 13, "column": 0 }, "end": { "line": 13, "column": 9 } },
      "13": { "start": { "line": 14, "column": 0 }, "end": { "line": 14, "column": 29 } },
      "14": { "start": { "line": 15, "column": 0 }, "end": { "line": 15, "column": 4 } },
      "15": { "start": { "line": 16, "column": 0 }, "end": { "line": 16, "column": 19 } },
      "16": { "start": { "line": 17, "column": 0 }, "end": { "line": 17, "column": 3 } }
    },
    "s": {
      "0": 0,
      "1": 0,
      "2": 0,
      "3": 0,
      "4": 0,
      "5": 0,
      "6": 0,
      "7": 0,
      "8": 0,
      "9": 0,
      "10": 0,
      "11": 0,
      "12": 0,
      "13": 0,
      "14": 0,
      "15": 0,
      "16": 0
    },
    "branchMap": {
      "0": {
        "type": "branch",
        "line": 1,
        "loc": { "start": { "line": 1, "column": 14 }, "end": { "line": 17, "column": -222 } },
        "locations": [
          { "start": { "line": 1, "column": 14 }, "end": { "line": 17, "column": -222 } }
        ]
      }
    },
    "b": { "0": [0] },
    "fnMap": {
      "0": {
        "name": "(empty-report)",
        "decl": { "start": { "line": 1, "column": 14 }, "end": { "line": 17, "column": -222 } },
        "loc": { "start": { "line": 1, "column": 14 }, "end": { "line": 17, "column": -222 } },
        "line": 1
      }
    },
    "f": { "0": 0 }
  },
  "E:\\Project\\10xCards\\.astro\\content-assets.mjs": {
    "path": "E:\\Project\\10xCards\\.astro\\content-assets.mjs",
    "all": true,
    "statementMap": {
      "0": { "start": { "line": 1, "column": 0 }, "end": { "line": 1, "column": 25 } }
    },
    "s": { "0": 0 },
    "branchMap": {
      "0": {
        "type": "branch",
        "line": 1,
        "loc": { "start": { "line": 1, "column": 0 }, "end": { "line": 1, "column": 14 } },
        "locations": [{ "start": { "line": 1, "column": 0 }, "end": { "line": 1, "column": 14 } }]
      }
    },
    "b": { "0": [0] },
    "fnMap": {
      "0": {
        "name": "(empty-report)",
        "decl": { "start": { "line": 1, "column": 0 }, "end": { "line": 1, "column": 14 } },
        "loc": { "start": { "line": 1, "column": 0 }, "end": { "line": 1, "column": 14 } },
        "line": 1
      }
    },
    "f": { "0": 0 }
  },
  "E:\\Project\\10xCards\\.astro\\content-modules.mjs": {
    "path": "E:\\Project\\10xCards\\.astro\\content-modules.mjs",
    "all": true,
    "statementMap": {
      "0": { "start": { "line": 1, "column": 0 }, "end": { "line": 1, "column": 25 } }
    },
    "s": { "0": 0 },
    "branchMap": {
      "0": {
        "type": "branch",
        "line": 1,
        "loc": { "start": { "line": 1, "column": 0 }, "end": { "line": 1, "column": 14 } },
        "locations": [{ "start": { "line": 1, "column": 0 }, "end": { "line": 1, "column": 14 } }]
      }
    },
    "b": { "0": [0] },
    "fnMap": {
      "0": {
        "name": "(empty-report)",
        "decl": { "start": { "line": 1, "column": 0 }, "end": { "line": 1, "column": 14 } },
        "loc": { "start": { "line": 1, "column": 0 }, "end": { "line": 1, "column": 14 } },
        "line": 1
      }
    },
    "f": { "0": 0 }
  },
  "E:\\Project\\10xCards\\src\\types.ts": {
    "path": "E:\\Project\\10xCards\\src\\types.ts",
    "all": true,
    "statementMap": {},
    "s": {},
    "branchMap": {
      "0": {
        "type": "branch",
        "line": 1,
        "loc": { "start": { "line": 1, "column": 3296 }, "end": { "line": 110, "column": 1 } },
        "locations": [
          { "start": { "line": 1, "column": 3296 }, "end": { "line": 110, "column": 1 } }
        ]
      }
    },
    "b": { "0": [1] },
    "fnMap": {
      "0": {
        "name": "(empty-report)",
        "decl": { "start": { "line": 1, "column": 3296 }, "end": { "line": 110, "column": 1 } },
        "loc": { "start": { "line": 1, "column": 3296 }, "end": { "line": 110, "column": 1 } },
        "line": 1
      }
    },
    "f": { "0": 1 }
  },
  "E:\\Project\\10xCards\\src\\components\\Welcome.astro": {
    "path": "E:\\Project\\10xCards\\src\\components\\Welcome.astro",
    "all": true,
    "statementMap": {
      "0": { "start": { "line": 1, "column": 0 }, "end": { "line": 1, "column": 58 } },
      "1": { "start": { "line": 2, "column": 0 }, "end": { "line": 2, "column": 27 } },
      "2": { "start": { "line": 3, "column": 0 }, "end": { "line": 3, "column": 75 } },
      "3": { "start": { "line": 4, "column": 0 }, "end": { "line": 4, "column": 14 } },
      "4": { "start": { "line": 5, "column": 0 }, "end": { "line": 5, "column": 9 } },
      "5": { "start": { "line": 6, "column": 0 }, "end": { "line": 6, "column": 60 } },
      "6": { "start": { "line": 7, "column": 0 }, "end": { "line": 7, "column": 63 } },
      "7": { "start": { "line": 8, "column": 0 }, "end": { "line": 8, "column": 8 } },
      "8": { "start": { "line": 9, "column": 0 }, "end": { "line": 9, "column": 64 } },
      "9": { "start": { "line": 10, "column": 0 }, "end": { "line": 10, "column": 360 } },
      "10": { "start": { "line": 11, "column": 0 }, "end": { "line": 11, "column": 21 } },
      "11": { "start": { "line": 12, "column": 0 }, "end": { "line": 12, "column": 10 } },
      "12": { "start": { "line": 13, "column": 0 }, "end": { "line": 13, "column": 386 } },
      "13": { "start": { "line": 14, "column": 0 }, "end": { "line": 14, "column": 25 } },
      "14": { "start": { "line": 15, "column": 0 }, "end": { "line": 15, "column": 10 } },
      "15": { "start": { "line": 16, "column": 0 }, "end": { "line": 16, "column": 10 } },
      "16": { "start": { "line": 17, "column": 0 }, "end": { "line": 17, "column": 8 } },
      "17": { "start": { "line": 18, "column": 0 }, "end": { "line": 18, "column": 2 } },
      "18": { "start": { "line": 19, "column": 0 }, "end": { "line": 19, "column": 74 } },
      "19": { "start": { "line": 20, "column": 0 }, "end": { "line": 20, "column": 77 } },
      "20": { "start": { "line": 21, "column": 0 }, "end": { "line": 21, "column": 67 } },
      "21": { "start": { "line": 22, "column": 0 }, "end": { "line": 22, "column": 56 } },
      "22": { "start": { "line": 23, "column": 0 }, "end": { "line": 23, "column": 72 } },
      "23": { "start": { "line": 24, "column": 0 }, "end": { "line": 24, "column": 10 } },
      "24": { "start": { "line": 25, "column": 0 }, "end": { "line": 25, "column": 10 } },
      "25": { "start": { "line": 26, "column": 0 }, "end": { "line": 26, "column": 4 } },
      "26": { "start": { "line": 27, "column": 0 }, "end": { "line": 27, "column": 77 } },
      "27": { "start": { "line": 28, "column": 0 }, "end": { "line": 28, "column": 70 } },
      "28": { "start": { "line": 29, "column": 0 }, "end": { "line": 29, "column": 56 } },
      "29": { "start": { "line": 30, "column": 0 }, "end": { "line": 30, "column": 57 } },
      "30": { "start": { "line": 31, "column": 0 }, "end": { "line": 31, "column": 10 } },
      "31": { "start": { "line": 32, "column": 0 }, "end": { "line": 32, "column": 10 } },
      "32": { "start": { "line": 33, "column": 0 }, "end": { "line": 33, "column": 4 } },
      "33": { "start": { "line": 34, "column": 0 }, "end": { "line": 34, "column": 77 } },
      "34": { "start": { "line": 35, "column": 0 }, "end": { "line": 35, "column": 65 } },
      "35": { "start": { "line": 36, "column": 0 }, "end": { "line": 36, "column": 56 } },
      "36": { "start": { "line": 37, "column": 0 }, "end": { "line": 37, "column": 63 } },
      "37": { "start": { "line": 38, "column": 0 }, "end": { "line": 38, "column": 10 } },
      "38": { "start": { "line": 39, "column": 0 }, "end": { "line": 39, "column": 10 } },
      "39": { "start": { "line": 40, "column": 0 }, "end": { "line": 40, "column": 8 } },
      "40": { "start": { "line": 41, "column": 0 }, "end": { "line": 41, "column": 6 } }
    },
    "s": {
      "0": 0,
      "1": 0,
      "2": 0,
      "3": 0,
      "4": 0,
      "5": 0,
      "6": 0,
      "7": 0,
      "8": 0,
      "9": 0,
      "10": 0,
      "11": 0,
      "12": 0,
      "13": 0,
      "14": 0,
      "15": 0,
      "16": 0,
      "17": 0,
      "18": 0,
      "19": 0,
      "20": 0,
      "21": 0,
      "22": 0,
      "23": 0,
      "24": 0,
      "25": 0,
      "26": 0,
      "27": 0,
      "28": 0,
      "29": 0,
      "30": 0,
      "31": 0,
      "32": 0,
      "33": 0,
      "34": 0,
      "35": 0,
      "36": 0,
      "37": 0,
      "38": 0,
      "39": 0,
      "40": 0
    },
    "branchMap": {
      "0": {
        "type": "branch",
        "line": 1,
        "loc": { "start": { "line": 1, "column": 0 }, "end": { "line": 41, "column": 6 } },
        "locations": [{ "start": { "line": 1, "column": 0 }, "end": { "line": 41, "column": 6 } }]
      }
    },
    "b": { "0": [0] },
    "fnMap": {
      "0": {
        "name": "(empty-report)",
        "decl": { "start": { "line": 1, "column": 0 }, "end": { "line": 41, "column": 6 } },
        "loc": { "start": { "line": 1, "column": 0 }, "end": { "line": 41, "column": 6 } },
        "line": 1
      }
    },
    "f": { "0": 0 }
  },
  "E:\\Project\\10xCards\\src\\components\\auth\\AuthenticatedLoginForm.tsx": {
    "path": "E:\\Project\\10xCards\\src\\components\\auth\\AuthenticatedLoginForm.tsx",
    "all": true,
    "statementMap": {
      "0": { "start": { "line": 1, "column": 0 }, "end": { "line": 1, "column": 67 } },
      "1": { "start": { "line": 2, "column": 0 }, "end": { "line": 2, "column": 40 } },
      "3": { "start": { "line": 4, "column": 0 }, "end": { "line": 4, "column": 42 } },
      "4": { "start": { "line": 5, "column": 0 }, "end": { "line": 5, "column": 10 } },
      "5": { "start": { "line": 6, "column": 0 }, "end": { "line": 6, "column": 18 } },
      "6": { "start": { "line": 7, "column": 0 }, "end": { "line": 7, "column": 19 } },
      "7": { "start": { "line": 8, "column": 0 }, "end": { "line": 8, "column": 19 } },
      "9": { "start": { "line": 10, "column": 0 }, "end": { "line": 10, "column": 1 } }
    },
    "s": { "0": 0, "1": 0, "3": 0, "4": 0, "5": 0, "6": 0, "7": 0, "9": 0 },
    "branchMap": {
      "0": {
        "type": "branch",
        "line": 1,
        "loc": { "start": { "line": 1, "column": 195 }, "end": { "line": 10, "column": -170 } },
        "locations": [
          { "start": { "line": 1, "column": 195 }, "end": { "line": 10, "column": -170 } }
        ]
      }
    },
    "b": { "0": [0] },
    "fnMap": {
      "0": {
        "name": "(empty-report)",
        "decl": { "start": { "line": 1, "column": 195 }, "end": { "line": 10, "column": -170 } },
        "loc": { "start": { "line": 1, "column": 195 }, "end": { "line": 10, "column": -170 } },
        "line": 1
      }
    },
    "f": { "0": 0 }
  },
  "E:\\Project\\10xCards\\src\\components\\auth\\AuthenticatedRegisterForm.tsx": {
    "path": "E:\\Project\\10xCards\\src\\components\\auth\\AuthenticatedRegisterForm.tsx",
    "all": true,
    "statementMap": {
      "0": { "start": { "line": 1, "column": 0 }, "end": { "line": 1, "column": 67 } },
      "1": { "start": { "line": 2, "column": 0 }, "end": { "line": 2, "column": 46 } },
      "3": { "start": { "line": 4, "column": 0 }, "end": { "line": 4, "column": 45 } },
      "4": { "start": { "line": 5, "column": 0 }, "end": { "line": 5, "column": 10 } },
      "5": { "start": { "line": 6, "column": 0 }, "end": { "line": 6, "column": 18 } },
      "6": { "start": { "line": 7, "column": 0 }, "end": { "line": 7, "column": 22 } },
      "7": { "start": { "line": 8, "column": 0 }, "end": { "line": 8, "column": 19 } },
      "9": { "start": { "line": 10, "column": 0 }, "end": { "line": 10, "column": 1 } }
    },
    "s": { "0": 0, "1": 0, "3": 0, "4": 0, "5": 0, "6": 0, "7": 0, "9": 0 },
    "branchMap": {
      "0": {
        "type": "branch",
        "line": 1,
        "loc": { "start": { "line": 1, "column": 204 }, "end": { "line": 10, "column": -134 } },
        "locations": [
          { "start": { "line": 1, "column": 204 }, "end": { "line": 10, "column": -134 } }
        ]
      }
    },
    "b": { "0": [0] },
    "fnMap": {
      "0": {
        "name": "(empty-report)",
        "decl": { "start": { "line": 1, "column": 204 }, "end": { "line": 10, "column": -134 } },
        "loc": { "start": { "line": 1, "column": 204 }, "end": { "line": 10, "column": -134 } },
        "line": 1
      }
    },
    "f": { "0": 0 }
  },
  "E:\\Project\\10xCards\\src\\components\\auth\\LoginForm.tsx": {
    "path": "E:\\Project\\10xCards\\src\\components\\auth\\LoginForm.tsx",
    "all": true,
    "statementMap": {
      "0": { "start": { "line": 1, "column": 0 }, "end": { "line": 1, "column": 33 } },
      "1": { "start": { "line": 2, "column": 0 }, "end": { "line": 2, "column": 42 } },
      "2": { "start": { "line": 3, "column": 0 }, "end": { "line": 3, "column": 48 } },
      "3": { "start": { "line": 4, "column": 0 }, "end": { "line": 4, "column": 46 } },
      "4": { "start": { "line": 5, "column": 0 }, "end": { "line": 5, "column": 8 } },
      "12": { "start": { "line": 13, "column": 0 }, "end": { "line": 13, "column": 64 } },
      "14": { "start": { "line": 15, "column": 0 }, "end": { "line": 15, "column": 29 } },
      "15": { "start": { "line": 16, "column": 0 }, "end": { "line": 16, "column": 30 } },
      "16": { "start": { "line": 17, "column": 0 }, "end": { "line": 17, "column": 41 } },
      "17": { "start": { "line": 18, "column": 0 }, "end": { "line": 18, "column": 47 } },
      "18": { "start": { "line": 19, "column": 0 }, "end": { "line": 19, "column": 58 } },
      "19": { "start": { "line": 20, "column": 0 }, "end": { "line": 20, "column": 52 } },
      "21": { "start": { "line": 22, "column": 0 }, "end": { "line": 22, "column": 54 } },
      "22": { "start": { "line": 23, "column": 0 }, "end": { "line": 23, "column": 23 } },
      "23": { "start": { "line": 24, "column": 0 }, "end": { "line": 24, "column": 19 } },
      "24": { "start": { "line": 25, "column": 0 }, "end": { "line": 25, "column": 23 } },
      "26": { "start": { "line": 27, "column": 0 }, "end": { "line": 27, "column": 9 } },
      "27": { "start": { "line": 28, "column": 0 }, "end": { "line": 28, "column": 55 } },
      "28": { "start": { "line": 29, "column": 0 }, "end": { "line": 29, "column": 23 } },
      "29": { "start": { "line": 30, "column": 0 }, "end": { "line": 30, "column": 18 } },
      "30": { "start": { "line": 31, "column": 0 }, "end": { "line": 31, "column": 45 } },
      "31": { "start": { "line": 32, "column": 0 }, "end": { "line": 32, "column": 10 } },
      "32": { "start": { "line": 33, "column": 0 }, "end": { "line": 33, "column": 50 } },
      "33": { "start": { "line": 34, "column": 0 }, "end": { "line": 34, "column": 31 } },
      "34": { "start": { "line": 35, "column": 0 }, "end": { "line": 35, "column": 9 } },
      "36": { "start": { "line": 37, "column": 0 }, "end": { "line": 37, "column": 41 } },
      "38": { "start": { "line": 39, "column": 0 }, "end": { "line": 39, "column": 25 } },
      "39": { "start": { "line": 40, "column": 0 }, "end": { "line": 40, "column": 58 } },
      "40": { "start": { "line": 41, "column": 0 }, "end": { "line": 41, "column": 7 } },
      "42": { "start": { "line": 43, "column": 0 }, "end": { "line": 43, "column": 20 } },
      "43": { "start": { "line": 44, "column": 0 }, "end": { "line": 44, "column": 41 } },
      "44": { "start": { "line": 45, "column": 0 }, "end": { "line": 45, "column": 19 } },
      "45": { "start": { "line": 46, "column": 0 }, "end": { "line": 46, "column": 83 } },
      "46": { "start": { "line": 47, "column": 0 }, "end": { "line": 47, "column": 15 } },
      "47": { "start": { "line": 48, "column": 0 }, "end": { "line": 48, "column": 26 } },
      "48": { "start": { "line": 49, "column": 0 }, "end": { "line": 49, "column": 5 } },
      "49": { "start": { "line": 50, "column": 0 }, "end": { "line": 50, "column": 4 } },
      "51": { "start": { "line": 52, "column": 0 }, "end": { "line": 52, "column": 10 } },
      "52": { "start": { "line": 53, "column": 0 }, "end": { "line": 53, "column": 32 } },
      "53": { "start": { "line": 54, "column": 0 }, "end": { "line": 54, "column": 18 } },
      "54": { "start": { "line": 55, "column": 0 }, "end": { "line": 55, "column": 40 } },
      "55": { "start": { "line": 56, "column": 0 }, "end": { "line": 56, "column": 71 } },
      "56": { "start": { "line": 57, "column": 0 }, "end": { "line": 57, "column": 19 } },
      "57": { "start": { "line": 58, "column": 0 }, "end": { "line": 58, "column": 19 } },
      "58": { "start": { "line": 59, "column": 0 }, "end": { "line": 59, "column": 60 } },
      "59": { "start": { "line": 60, "column": 0 }, "end": { "line": 60, "column": 37 } },
      "60": { "start": { "line": 61, "column": 0 }, "end": { "line": 61, "column": 18 } },
      "61": { "start": { "line": 62, "column": 0 }, "end": { "line": 62, "column": 26 } },
      "62": { "start": { "line": 63, "column": 0 }, "end": { "line": 63, "column": 33 } },
      "63": { "start": { "line": 64, "column": 0 }, "end": { "line": 64, "column": 27 } },
      "64": { "start": { "line": 65, "column": 0 }, "end": { "line": 65, "column": 54 } },
      "65": { "start": { "line": 66, "column": 0 }, "end": { "line": 66, "column": 22 } },
      "66": { "start": { "line": 67, "column": 0 }, "end": { "line": 67, "column": 14 } },
      "67": { "start": { "line": 68, "column": 0 }, "end": { "line": 68, "column": 16 } },
      "68": { "start": { "line": 69, "column": 0 }, "end": { "line": 69, "column": 37 } },
      "69": { "start": { "line": 70, "column": 0 }, "end": { "line": 70, "column": 18 } },
      "70": { "start": { "line": 71, "column": 0 }, "end": { "line": 71, "column": 29 } },
      "71": { "start": { "line": 72, "column": 0 }, "end": { "line": 72, "column": 33 } },
      "72": { "start": { "line": 73, "column": 0 }, "end": { "line": 73, "column": 30 } },
      "73": { "start": { "line": 74, "column": 0 }, "end": { "line": 74, "column": 57 } },
      "74": { "start": { "line": 75, "column": 0 }, "end": { "line": 75, "column": 22 } },
      "75": { "start": { "line": 76, "column": 0 }, "end": { "line": 76, "column": 14 } },
      "76": { "start": { "line": 77, "column": 0 }, "end": { "line": 77, "column": 16 } },
      "77": { "start": { "line": 78, "column": 0 }, "end": { "line": 78, "column": 21 } },
      "78": { "start": { "line": 79, "column": 0 }, "end": { "line": 79, "column": 41 } },
      "79": { "start": { "line": 80, "column": 0 }, "end": { "line": 80, "column": 58 } },
      "80": { "start": { "line": 81, "column": 0 }, "end": { "line": 81, "column": 20 } },
      "82": { "start": { "line": 83, "column": 0 }, "end": { "line": 83, "column": 72 } },
      "83": { "start": { "line": 84, "column": 0 }, "end": { "line": 84, "column": 56 } },
      "84": { "start": { "line": 85, "column": 0 }, "end": { "line": 85, "column": 19 } },
      "85": { "start": { "line": 86, "column": 0 }, "end": { "line": 86, "column": 15 } },
      "86": { "start": { "line": 87, "column": 0 }, "end": { "line": 87, "column": 20 } },
      "87": { "start": { "line": 88, "column": 0 }, "end": { "line": 88, "column": 50 } },
      "88": { "start": { "line": 89, "column": 0 }, "end": { "line": 89, "column": 84 } },
      "90": { "start": { "line": 91, "column": 0 }, "end": { "line": 91, "column": 17 } },
      "91": { "start": { "line": 92, "column": 0 }, "end": { "line": 92, "column": 19 } },
      "92": { "start": { "line": 93, "column": 0 }, "end": { "line": 93, "column": 11 } },
      "94": { "start": { "line": 95, "column": 0 }, "end": { "line": 95, "column": 1 } }
    },
    "s": {
      "0": 0,
      "1": 0,
      "2": 0,
      "3": 0,
      "4": 0,
      "12": 0,
      "14": 0,
      "15": 0,
      "16": 0,
      "17": 0,
      "18": 0,
      "19": 0,
      "21": 0,
      "22": 0,
      "23": 0,
      "24": 0,
      "26": 0,
      "27": 0,
      "28": 0,
      "29": 0,
      "30": 0,
      "31": 0,
      "32": 0,
      "33": 0,
      "34": 0,
      "36": 0,
      "38": 0,
      "39": 0,
      "40": 0,
      "42": 0,
      "43": 0,
      "44": 0,
      "45": 0,
      "46": 0,
      "47": 0,
      "48": 0,
      "49": 0,
      "51": 0,
      "52": 0,
      "53": 0,
      "54": 0,
      "55": 0,
      "56": 0,
      "57": 0,
      "58": 0,
      "59": 0,
      "60": 0,
      "61": 0,
      "62": 0,
      "63": 0,
      "64": 0,
      "65": 0,
      "66": 0,
      "67": 0,
      "68": 0,
      "69": 0,
      "70": 0,
      "71": 0,
      "72": 0,
      "73": 0,
      "74": 0,
      "75": 0,
      "76": 0,
      "77": 0,
      "78": 0,
      "79": 0,
      "80": 0,
      "82": 0,
      "83": 0,
      "84": 0,
      "85": 0,
      "86": 0,
      "87": 0,
      "88": 0,
      "90": 0,
      "91": 0,
      "92": 0,
      "94": 0
    },
    "branchMap": {
      "0": {
        "type": "branch",
        "line": 1,
        "loc": { "start": { "line": 1, "column": 1494 }, "end": { "line": 95, "column": -1365 } },
        "locations": [
          { "start": { "line": 1, "column": 1494 }, "end": { "line": 95, "column": -1365 } }
        ]
      }
    },
    "b": { "0": [0] },
    "fnMap": {
      "0": {
        "name": "(empty-report)",
        "decl": { "start": { "line": 1, "column": 1494 }, "end": { "line": 95, "column": -1365 } },
        "loc": { "start": { "line": 1, "column": 1494 }, "end": { "line": 95, "column": -1365 } },
        "line": 1
      }
    },
    "f": { "0": 0 }
  },
  "E:\\Project\\10xCards\\src\\components\\auth\\LogoutButton.tsx": {
    "path": "E:\\Project\\10xCards\\src\\components\\auth\\LogoutButton.tsx",
    "all": true,
    "statementMap": {
      "0": { "start": { "line": 1, "column": 0 }, "end": { "line": 1, "column": 42 } },
      "1": { "start": { "line": 2, "column": 0 }, "end": { "line": 2, "column": 48 } },
      "2": { "start": { "line": 3, "column": 0 }, "end": { "line": 3, "column": 38 } },
      "3": { "start": { "line": 4, "column": 0 }, "end": { "line": 4, "column": 44 } },
      "5": { "start": { "line": 6, "column": 0 }, "end": { "line": 6, "column": 32 } },
      "6": { "start": { "line": 7, "column": 0 }, "end": { "line": 7, "column": 50 } },
      "8": { "start": { "line": 9, "column": 0 }, "end": { "line": 9, "column": 62 } },
      "10": { "start": { "line": 11, "column": 0 }, "end": { "line": 11, "column": 27 } },
      "11": { "start": { "line": 12, "column": 0 }, "end": { "line": 12, "column": 30 } },
      "13": { "start": { "line": 14, "column": 0 }, "end": { "line": 14, "column": 7 } },
      "15": { "start": { "line": 16, "column": 0 }, "end": { "line": 16, "column": 33 } },
      "16": { "start": { "line": 17, "column": 0 }, "end": { "line": 17, "column": 19 } },
      "17": { "start": { "line": 18, "column": 0 }, "end": { "line": 18, "column": 24 } },
      "18": { "start": { "line": 19, "column": 0 }, "end": { "line": 19, "column": 3 } },
      "20": { "start": { "line": 21, "column": 0 }, "end": { "line": 21, "column": 19 } },
      "21": { "start": { "line": 22, "column": 0 }, "end": { "line": 22, "column": 22 } },
      "22": { "start": { "line": 23, "column": 0 }, "end": { "line": 23, "column": 9 } },
      "25": { "start": { "line": 26, "column": 0 }, "end": { "line": 26, "column": 44 } },
      "26": { "start": { "line": 27, "column": 0 }, "end": { "line": 27, "column": 9 } },
      "27": { "start": { "line": 28, "column": 0 }, "end": { "line": 28, "column": 39 } },
      "28": { "start": { "line": 29, "column": 0 }, "end": { "line": 29, "column": 23 } },
      "29": { "start": { "line": 30, "column": 0 }, "end": { "line": 30, "column": 31 } },
      "30": { "start": { "line": 31, "column": 0 }, "end": { "line": 31, "column": 9 } },
      "31": { "start": { "line": 32, "column": 0 }, "end": { "line": 32, "column": 21 } },
      "32": { "start": { "line": 33, "column": 0 }, "end": { "line": 33, "column": 58 } },
      "33": { "start": { "line": 34, "column": 0 }, "end": { "line": 34, "column": 15 } },
      "35": { "start": { "line": 36, "column": 0 }, "end": { "line": 36, "column": 42 } },
      "36": { "start": { "line": 37, "column": 0 }, "end": { "line": 37, "column": 47 } },
      "37": { "start": { "line": 38, "column": 0 }, "end": { "line": 38, "column": 55 } },
      "38": { "start": { "line": 39, "column": 0 }, "end": { "line": 39, "column": 7 } },
      "39": { "start": { "line": 40, "column": 0 }, "end": { "line": 40, "column": 38 } },
      "40": { "start": { "line": 41, "column": 0 }, "end": { "line": 41, "column": 5 } },
      "41": { "start": { "line": 42, "column": 0 }, "end": { "line": 42, "column": 4 } },
      "44": { "start": { "line": 45, "column": 0 }, "end": { "line": 45, "column": 18 } },
      "45": { "start": { "line": 46, "column": 0 }, "end": { "line": 46, "column": 12 } },
      "46": { "start": { "line": 47, "column": 0 }, "end": { "line": 47, "column": 76 } },
      "47": { "start": { "line": 48, "column": 0 }, "end": { "line": 48, "column": 38 } },
      "48": { "start": { "line": 49, "column": 0 }, "end": { "line": 49, "column": 28 } },
      "49": { "start": { "line": 50, "column": 0 }, "end": { "line": 50, "column": 15 } },
      "51": { "start": { "line": 52, "column": 0 }, "end": { "line": 52, "column": 3 } },
      "53": { "start": { "line": 54, "column": 0 }, "end": { "line": 54, "column": 36 } },
      "54": { "start": { "line": 55, "column": 0 }, "end": { "line": 55, "column": 44 } },
      "56": { "start": { "line": 57, "column": 0 }, "end": { "line": 57, "column": 35 } },
      "57": { "start": { "line": 58, "column": 0 }, "end": { "line": 58, "column": 12 } },
      "59": { "start": { "line": 60, "column": 0 }, "end": { "line": 60, "column": 38 } },
      "60": { "start": { "line": 61, "column": 0 }, "end": { "line": 61, "column": 38 } },
      "61": { "start": { "line": 62, "column": 0 }, "end": { "line": 62, "column": 5 } },
      "62": { "start": { "line": 63, "column": 0 }, "end": { "line": 63, "column": 4 } },
      "64": { "start": { "line": 65, "column": 0 }, "end": { "line": 65, "column": 10 } },
      "65": { "start": { "line": 66, "column": 0 }, "end": { "line": 66, "column": 11 } },
      "66": { "start": { "line": 67, "column": 0 }, "end": { "line": 67, "column": 21 } },
      "67": { "start": { "line": 68, "column": 0 }, "end": { "line": 68, "column": 15 } },
      "68": { "start": { "line": 69, "column": 0 }, "end": { "line": 69, "column": 28 } },
      "69": { "start": { "line": 70, "column": 0 }, "end": { "line": 70, "column": 41 } },
      "71": { "start": { "line": 72, "column": 0 }, "end": { "line": 72, "column": 36 } },
      "72": { "start": { "line": 73, "column": 0 }, "end": { "line": 73, "column": 26 } },
      "73": { "start": { "line": 74, "column": 0 }, "end": { "line": 74, "column": 13 } },
      "75": { "start": { "line": 76, "column": 0 }, "end": { "line": 76, "column": 1 } }
    },
    "s": {
      "0": 0,
      "1": 0,
      "2": 0,
      "3": 0,
      "5": 0,
      "6": 0,
      "8": 0,
      "10": 0,
      "11": 0,
      "13": 0,
      "15": 0,
      "16": 0,
      "17": 0,
      "18": 0,
      "20": 0,
      "21": 0,
      "22": 0,
      "25": 0,
      "26": 0,
      "27": 0,
      "28": 0,
      "29": 0,
      "30": 0,
      "31": 0,
      "32": 0,
      "33": 0,
      "35": 0,
      "36": 0,
      "37": 0,
      "38": 0,
      "39": 0,
      "40": 0,
      "41": 0,
      "44": 0,
      "45": 0,
      "46": 0,
      "47": 0,
      "48": 0,
      "49": 0,
      "51": 0,
      "53": 0,
      "54": 0,
      "56": 0,
      "57": 0,
      "59": 0,
      "60": 0,
      "61": 0,
      "62": 0,
      "64": 0,
      "65": 0,
      "66": 0,
      "67": 0,
      "68": 0,
      "69": 0,
      "71": 0,
      "72": 0,
      "73": 0,
      "75": 0
    },
    "branchMap": {
      "0": {
        "type": "branch",
        "line": 1,
        "loc": { "start": { "line": 1, "column": 1492 }, "end": { "line": 76, "column": -607 } },
        "locations": [
          { "start": { "line": 1, "column": 1492 }, "end": { "line": 76, "column": -607 } }
        ]
      }
    },
    "b": { "0": [0] },
    "fnMap": {
      "0": {
        "name": "(empty-report)",
        "decl": { "start": { "line": 1, "column": 1492 }, "end": { "line": 76, "column": -607 } },
        "loc": { "start": { "line": 1, "column": 1492 }, "end": { "line": 76, "column": -607 } },
        "line": 1
      }
    },
    "f": { "0": 0 }
  },
  "E:\\Project\\10xCards\\src\\components\\auth\\PasswordRecoveryForm.tsx": {
    "path": "E:\\Project\\10xCards\\src\\components\\auth\\PasswordRecoveryForm.tsx",
    "all": true,
    "statementMap": {
      "0": { "start": { "line": 1, "column": 0 }, "end": { "line": 1, "column": 33 } },
      "1": { "start": { "line": 2, "column": 0 }, "end": { "line": 2, "column": 48 } },
      "2": { "start": { "line": 3, "column": 0 }, "end": { "line": 3, "column": 46 } },
      "3": { "start": { "line": 4, "column": 0 }, "end": { "line": 4, "column": 8 } },
      "11": { "start": { "line": 12, "column": 0 }, "end": { "line": 12, "column": 64 } },
      "13": { "start": { "line": 14, "column": 0 }, "end": { "line": 14, "column": 40 } },
      "14": { "start": { "line": 15, "column": 0 }, "end": { "line": 15, "column": 41 } },
      "15": { "start": { "line": 16, "column": 0 }, "end": { "line": 16, "column": 58 } },
      "16": { "start": { "line": 17, "column": 0 }, "end": { "line": 17, "column": 62 } },
      "17": { "start": { "line": 18, "column": 0 }, "end": { "line": 18, "column": 52 } },
      "19": { "start": { "line": 20, "column": 0 }, "end": { "line": 20, "column": 54 } },
      "20": { "start": { "line": 21, "column": 0 }, "end": { "line": 21, "column": 23 } },
      "21": { "start": { "line": 22, "column": 0 }, "end": { "line": 22, "column": 19 } },
      "22": { "start": { "line": 23, "column": 0 }, "end": { "line": 23, "column": 21 } },
      "23": { "start": { "line": 24, "column": 0 }, "end": { "line": 24, "column": 23 } },
      "25": { "start": { "line": 26, "column": 0 }, "end": { "line": 26, "column": 9 } },
      "26": { "start": { "line": 27, "column": 0 }, "end": { "line": 27, "column": 67 } },
      "27": { "start": { "line": 28, "column": 0 }, "end": { "line": 28, "column": 23 } },
      "28": { "start": { "line": 29, "column": 0 }, "end": { "line": 29, "column": 18 } },
      "29": { "start": { "line": 30, "column": 0 }, "end": { "line": 30, "column": 45 } },
      "30": { "start": { "line": 31, "column": 0 }, "end": { "line": 31, "column": 10 } },
      "31": { "start": { "line": 32, "column": 0 }, "end": { "line": 32, "column": 40 } },
      "32": { "start": { "line": 33, "column": 0 }, "end": { "line": 33, "column": 9 } },
      "34": { "start": { "line": 35, "column": 0 }, "end": { "line": 35, "column": 41 } },
      "36": { "start": { "line": 37, "column": 0 }, "end": { "line": 37, "column": 25 } },
      "37": { "start": { "line": 38, "column": 0 }, "end": { "line": 38, "column": 77 } },
      "38": { "start": { "line": 39, "column": 0 }, "end": { "line": 39, "column": 7 } },
      "40": { "start": { "line": 41, "column": 0 }, "end": { "line": 41, "column": 83 } },
      "41": { "start": { "line": 42, "column": 0 }, "end": { "line": 42, "column": 19 } },
      "42": { "start": { "line": 43, "column": 0 }, "end": { "line": 43, "column": 19 } },
      "43": { "start": { "line": 44, "column": 0 }, "end": { "line": 44, "column": 83 } },
      "44": { "start": { "line": 45, "column": 0 }, "end": { "line": 45, "column": 15 } },
      "45": { "start": { "line": 46, "column": 0 }, "end": { "line": 46, "column": 26 } },
      "46": { "start": { "line": 47, "column": 0 }, "end": { "line": 47, "column": 5 } },
      "47": { "start": { "line": 48, "column": 0 }, "end": { "line": 48, "column": 4 } },
      "49": { "start": { "line": 50, "column": 0 }, "end": { "line": 50, "column": 10 } },
      "50": { "start": { "line": 51, "column": 0 }, "end": { "line": 51, "column": 29 } },
      "51": { "start": { "line": 52, "column": 0 }, "end": { "line": 52, "column": 18 } },
      "52": { "start": { "line": 53, "column": 0 }, "end": { "line": 53, "column": 49 } },
      "53": { "start": { "line": 54, "column": 0 }, "end": { "line": 54, "column": 25 } },
      "55": { "start": { "line": 56, "column": 0 }, "end": { "line": 56, "column": 26 } },
      "56": { "start": { "line": 57, "column": 0 }, "end": { "line": 57, "column": 19 } },
      "57": { "start": { "line": 58, "column": 0 }, "end": { "line": 58, "column": 36 } },
      "58": { "start": { "line": 59, "column": 0 }, "end": { "line": 59, "column": 43 } },
      "59": { "start": { "line": 60, "column": 0 }, "end": { "line": 60, "column": 21 } },
      "60": { "start": { "line": 61, "column": 0 }, "end": { "line": 61, "column": 41 } },
      "61": { "start": { "line": 62, "column": 0 }, "end": { "line": 62, "column": 58 } },
      "62": { "start": { "line": 63, "column": 0 }, "end": { "line": 63, "column": 20 } },
      "64": { "start": { "line": 65, "column": 0 }, "end": { "line": 65, "column": 23 } },
      "65": { "start": { "line": 66, "column": 0 }, "end": { "line": 66, "column": 19 } },
      "66": { "start": { "line": 67, "column": 0 }, "end": { "line": 67, "column": 60 } },
      "67": { "start": { "line": 68, "column": 0 }, "end": { "line": 68, "column": 20 } },
      "69": { "start": { "line": 70, "column": 0 }, "end": { "line": 70, "column": 37 } },
      "70": { "start": { "line": 71, "column": 0 }, "end": { "line": 71, "column": 18 } },
      "71": { "start": { "line": 72, "column": 0 }, "end": { "line": 72, "column": 26 } },
      "72": { "start": { "line": 73, "column": 0 }, "end": { "line": 73, "column": 33 } },
      "73": { "start": { "line": 74, "column": 0 }, "end": { "line": 74, "column": 27 } },
      "74": { "start": { "line": 75, "column": 0 }, "end": { "line": 75, "column": 54 } },
      "75": { "start": { "line": 76, "column": 0 }, "end": { "line": 76, "column": 22 } },
      "76": { "start": { "line": 77, "column": 0 }, "end": { "line": 77, "column": 34 } },
      "77": { "start": { "line": 78, "column": 0 }, "end": { "line": 78, "column": 14 } },
      "78": { "start": { "line": 79, "column": 0 }, "end": { "line": 79, "column": 16 } },
      "79": { "start": { "line": 80, "column": 0 }, "end": { "line": 80, "column": 22 } },
      "80": { "start": { "line": 81, "column": 0 }, "end": { "line": 81, "column": 56 } },
      "81": { "start": { "line": 82, "column": 0 }, "end": { "line": 82, "column": 72 } },
      "82": { "start": { "line": 83, "column": 0 }, "end": { "line": 83, "column": 67 } },
      "83": { "start": { "line": 84, "column": 0 }, "end": { "line": 84, "column": 19 } },
      "84": { "start": { "line": 85, "column": 0 }, "end": { "line": 85, "column": 69 } },
      "85": { "start": { "line": 86, "column": 0 }, "end": { "line": 86, "column": 70 } },
      "87": { "start": { "line": 88, "column": 0 }, "end": { "line": 88, "column": 16 } },
      "88": { "start": { "line": 89, "column": 0 }, "end": { "line": 89, "column": 16 } },
      "89": { "start": { "line": 90, "column": 0 }, "end": { "line": 90, "column": 21 } },
      "90": { "start": { "line": 91, "column": 0 }, "end": { "line": 91, "column": 13 } },
      "91": { "start": { "line": 92, "column": 0 }, "end": { "line": 92, "column": 11 } },
      "93": { "start": { "line": 94, "column": 0 }, "end": { "line": 94, "column": 1 } }
    },
    "s": {
      "0": 0,
      "1": 0,
      "2": 0,
      "3": 0,
      "11": 0,
      "13": 0,
      "14": 0,
      "15": 0,
      "16": 0,
      "17": 0,
      "19": 0,
      "20": 0,
      "21": 0,
      "22": 0,
      "23": 0,
      "25": 0,
      "26": 0,
      "27": 0,
      "28": 0,
      "29": 0,
      "30": 0,
      "31": 0,
      "32": 0,
      "34": 0,
      "36": 0,
      "37": 0,
      "38": 0,
      "40": 0,
      "41": 0,
      "42": 0,
      "43": 0,
      "44": 0,
      "45": 0,
      "46": 0,
      "47": 0,
      "49": 0,
      "50": 0,
      "51": 0,
      "52": 0,
      "53": 0,
      "55": 0,
      "56": 0,
      "57": 0,
      "58": 0,
      "59": 0,
      "60": 0,
      "61": 0,
      "62": 0,
      "64": 0,
      "65": 0,
      "66": 0,
      "67": 0,
      "69": 0,
      "70": 0,
      "71": 0,
      "72": 0,
      "73": 0,
      "74": 0,
      "75": 0,
      "76": 0,
      "77": 0,
      "78": 0,
      "79": 0,
      "80": 0,
      "81": 0,
      "82": 0,
      "83": 0,
      "84": 0,
      "85": 0,
      "87": 0,
      "88": 0,
      "89": 0,
      "90": 0,
      "91": 0,
      "93": 0
    },
    "branchMap": {
      "0": {
        "type": "branch",
        "line": 1,
        "loc": { "start": { "line": 1, "column": 1493 }, "end": { "line": 94, "column": -1424 } },
        "locations": [
          { "start": { "line": 1, "column": 1493 }, "end": { "line": 94, "column": -1424 } }
        ]
      }
    },
    "b": { "0": [0] },
    "fnMap": {
      "0": {
        "name": "(empty-report)",
        "decl": { "start": { "line": 1, "column": 1493 }, "end": { "line": 94, "column": -1424 } },
        "loc": { "start": { "line": 1, "column": 1493 }, "end": { "line": 94, "column": -1424 } },
        "line": 1
      }
    },
    "f": { "0": 0 }
  },
  "E:\\Project\\10xCards\\src\\components\\auth\\RegisterForm.tsx": {
    "path": "E:\\Project\\10xCards\\src\\components\\auth\\RegisterForm.tsx",
    "all": true,
    "statementMap": {
      "0": { "start": { "line": 1, "column": 0 }, "end": { "line": 1, "column": 33 } },
      "1": { "start": { "line": 2, "column": 0 }, "end": { "line": 2, "column": 42 } },
      "2": { "start": { "line": 3, "column": 0 }, "end": { "line": 3, "column": 48 } },
      "3": { "start": { "line": 4, "column": 0 }, "end": { "line": 4, "column": 46 } },
      "4": { "start": { "line": 5, "column": 0 }, "end": { "line": 5, "column": 8 } },
      "12": { "start": { "line": 13, "column": 0 }, "end": { "line": 13, "column": 64 } },
      "14": { "start": { "line": 15, "column": 0 }, "end": { "line": 15, "column": 32 } },
      "15": { "start": { "line": 16, "column": 0 }, "end": { "line": 16, "column": 30 } },
      "16": { "start": { "line": 17, "column": 0 }, "end": { "line": 17, "column": 41 } },
      "17": { "start": { "line": 18, "column": 0 }, "end": { "line": 18, "column": 47 } },
      "18": { "start": { "line": 19, "column": 0 }, "end": { "line": 19, "column": 61 } },
      "19": { "start": { "line": 20, "column": 0 }, "end": { "line": 20, "column": 58 } },
      "20": { "start": { "line": 21, "column": 0 }, "end": { "line": 21, "column": 52 } },
      "22": { "start": { "line": 23, "column": 0 }, "end": { "line": 23, "column": 54 } },
      "23": { "start": { "line": 24, "column": 0 }, "end": { "line": 24, "column": 23 } },
      "24": { "start": { "line": 25, "column": 0 }, "end": { "line": 25, "column": 19 } },
      "27": { "start": { "line": 28, "column": 0 }, "end": { "line": 28, "column": 39 } },
      "28": { "start": { "line": 29, "column": 0 }, "end": { "line": 29, "column": 42 } },
      "29": { "start": { "line": 30, "column": 0 }, "end": { "line": 30, "column": 13 } },
      "30": { "start": { "line": 31, "column": 0 }, "end": { "line": 31, "column": 5 } },
      "32": { "start": { "line": 33, "column": 0 }, "end": { "line": 33, "column": 30 } },
      "33": { "start": { "line": 34, "column": 0 }, "end": { "line": 34, "column": 55 } },
      "34": { "start": { "line": 35, "column": 0 }, "end": { "line": 35, "column": 13 } },
      "35": { "start": { "line": 36, "column": 0 }, "end": { "line": 36, "column": 5 } },
      "37": { "start": { "line": 38, "column": 0 }, "end": { "line": 38, "column": 23 } },
      "39": { "start": { "line": 40, "column": 0 }, "end": { "line": 40, "column": 9 } },
      "40": { "start": { "line": 41, "column": 0 }, "end": { "line": 41, "column": 58 } },
      "41": { "start": { "line": 42, "column": 0 }, "end": { "line": 42, "column": 23 } },
      "42": { "start": { "line": 43, "column": 0 }, "end": { "line": 43, "column": 18 } },
      "43": { "start": { "line": 44, "column": 0 }, "end": { "line": 44, "column": 45 } },
      "44": { "start": { "line": 45, "column": 0 }, "end": { "line": 45, "column": 10 } },
      "45": { "start": { "line": 46, "column": 0 }, "end": { "line": 46, "column": 50 } },
      "46": { "start": { "line": 47, "column": 0 }, "end": { "line": 47, "column": 31 } },
      "47": { "start": { "line": 48, "column": 0 }, "end": { "line": 48, "column": 9 } },
      "49": { "start": { "line": 50, "column": 0 }, "end": { "line": 50, "column": 41 } },
      "51": { "start": { "line": 52, "column": 0 }, "end": { "line": 52, "column": 25 } },
      "52": { "start": { "line": 53, "column": 0 }, "end": { "line": 53, "column": 60 } },
      "53": { "start": { "line": 54, "column": 0 }, "end": { "line": 54, "column": 7 } },
      "56": { "start": { "line": 57, "column": 0 }, "end": { "line": 57, "column": 24 } },
      "57": { "start": { "line": 58, "column": 0 }, "end": { "line": 58, "column": 41 } },
      "58": { "start": { "line": 59, "column": 0 }, "end": { "line": 59, "column": 19 } },
      "59": { "start": { "line": 60, "column": 0 }, "end": { "line": 60, "column": 83 } },
      "60": { "start": { "line": 61, "column": 0 }, "end": { "line": 61, "column": 15 } },
      "61": { "start": { "line": 62, "column": 0 }, "end": { "line": 62, "column": 26 } },
      "62": { "start": { "line": 63, "column": 0 }, "end": { "line": 63, "column": 5 } },
      "63": { "start": { "line": 64, "column": 0 }, "end": { "line": 64, "column": 4 } },
      "65": { "start": { "line": 66, "column": 0 }, "end": { "line": 66, "column": 10 } },
      "66": { "start": { "line": 67, "column": 0 }, "end": { "line": 67, "column": 29 } },
      "67": { "start": { "line": 68, "column": 0 }, "end": { "line": 68, "column": 18 } },
      "68": { "start": { "line": 69, "column": 0 }, "end": { "line": 69, "column": 42 } },
      "69": { "start": { "line": 70, "column": 0 }, "end": { "line": 70, "column": 80 } },
      "70": { "start": { "line": 71, "column": 0 }, "end": { "line": 71, "column": 19 } },
      "71": { "start": { "line": 72, "column": 0 }, "end": { "line": 72, "column": 36 } },
      "72": { "start": { "line": 73, "column": 0 }, "end": { "line": 73, "column": 43 } },
      "73": { "start": { "line": 74, "column": 0 }, "end": { "line": 74, "column": 21 } },
      "74": { "start": { "line": 75, "column": 0 }, "end": { "line": 75, "column": 41 } },
      "75": { "start": { "line": 76, "column": 0 }, "end": { "line": 76, "column": 58 } },
      "76": { "start": { "line": 77, "column": 0 }, "end": { "line": 77, "column": 20 } },
      "78": { "start": { "line": 79, "column": 0 }, "end": { "line": 79, "column": 37 } },
      "79": { "start": { "line": 80, "column": 0 }, "end": { "line": 80, "column": 18 } },
      "80": { "start": { "line": 81, "column": 0 }, "end": { "line": 81, "column": 26 } },
      "81": { "start": { "line": 82, "column": 0 }, "end": { "line": 82, "column": 33 } },
      "82": { "start": { "line": 83, "column": 0 }, "end": { "line": 83, "column": 27 } },
      "83": { "start": { "line": 84, "column": 0 }, "end": { "line": 84, "column": 54 } },
      "84": { "start": { "line": 85, "column": 0 }, "end": { "line": 85, "column": 22 } },
      "85": { "start": { "line": 86, "column": 0 }, "end": { "line": 86, "column": 34 } },
      "86": { "start": { "line": 87, "column": 0 }, "end": { "line": 87, "column": 14 } },
      "87": { "start": { "line": 88, "column": 0 }, "end": { "line": 88, "column": 16 } },
      "88": { "start": { "line": 89, "column": 0 }, "end": { "line": 89, "column": 37 } },
      "89": { "start": { "line": 90, "column": 0 }, "end": { "line": 90, "column": 18 } },
      "90": { "start": { "line": 91, "column": 0 }, "end": { "line": 91, "column": 29 } },
      "91": { "start": { "line": 92, "column": 0 }, "end": { "line": 92, "column": 33 } },
      "92": { "start": { "line": 93, "column": 0 }, "end": { "line": 93, "column": 30 } },
      "93": { "start": { "line": 94, "column": 0 }, "end": { "line": 94, "column": 57 } },
      "94": { "start": { "line": 95, "column": 0 }, "end": { "line": 95, "column": 22 } },
      "95": { "start": { "line": 96, "column": 0 }, "end": { "line": 96, "column": 34 } },
      "96": { "start": { "line": 97, "column": 0 }, "end": { "line": 97, "column": 14 } },
      "97": { "start": { "line": 98, "column": 0 }, "end": { "line": 98, "column": 16 } },
      "98": { "start": { "line": 99, "column": 0 }, "end": { "line": 99, "column": 37 } },
      "99": { "start": { "line": 100, "column": 0 }, "end": { "line": 100, "column": 18 } },
      "100": { "start": { "line": 101, "column": 0 }, "end": { "line": 101, "column": 29 } },
      "101": { "start": { "line": 102, "column": 0 }, "end": { "line": 102, "column": 43 } },
      "102": { "start": { "line": 103, "column": 0 }, "end": { "line": 103, "column": 37 } },
      "103": { "start": { "line": 104, "column": 0 }, "end": { "line": 104, "column": 64 } },
      "104": { "start": { "line": 105, "column": 0 }, "end": { "line": 105, "column": 22 } },
      "105": { "start": { "line": 106, "column": 0 }, "end": { "line": 106, "column": 34 } },
      "106": { "start": { "line": 107, "column": 0 }, "end": { "line": 107, "column": 14 } },
      "107": { "start": { "line": 108, "column": 0 }, "end": { "line": 108, "column": 16 } },
      "108": { "start": { "line": 109, "column": 0 }, "end": { "line": 109, "column": 22 } },
      "109": { "start": { "line": 110, "column": 0 }, "end": { "line": 110, "column": 56 } },
      "110": { "start": { "line": 111, "column": 0 }, "end": { "line": 111, "column": 72 } },
      "111": { "start": { "line": 112, "column": 0 }, "end": { "line": 112, "column": 62 } },
      "112": { "start": { "line": 113, "column": 0 }, "end": { "line": 113, "column": 19 } },
      "113": { "start": { "line": 114, "column": 0 }, "end": { "line": 114, "column": 69 } },
      "114": { "start": { "line": 115, "column": 0 }, "end": { "line": 115, "column": 32 } },
      "115": { "start": { "line": 116, "column": 0 }, "end": { "line": 116, "column": 70 } },
      "117": { "start": { "line": 118, "column": 0 }, "end": { "line": 118, "column": 16 } },
      "118": { "start": { "line": 119, "column": 0 }, "end": { "line": 119, "column": 16 } },
      "119": { "start": { "line": 120, "column": 0 }, "end": { "line": 120, "column": 21 } },
      "120": { "start": { "line": 121, "column": 0 }, "end": { "line": 121, "column": 13 } },
      "121": { "start": { "line": 122, "column": 0 }, "end": { "line": 122, "column": 11 } },
      "123": { "start": { "line": 124, "column": 0 }, "end": { "line": 124, "column": 1 } }
    },
    "s": {
      "0": 0,
      "1": 0,
      "2": 0,
      "3": 0,
      "4": 0,
      "12": 0,
      "14": 0,
      "15": 0,
      "16": 0,
      "17": 0,
      "18": 0,
      "19": 0,
      "20": 0,
      "22": 0,
      "23": 0,
      "24": 0,
      "27": 0,
      "28": 0,
      "29": 0,
      "30": 0,
      "32": 0,
      "33": 0,
      "34": 0,
      "35": 0,
      "37": 0,
      "39": 0,
      "40": 0,
      "41": 0,
      "42": 0,
      "43": 0,
      "44": 0,
      "45": 0,
      "46": 0,
      "47": 0,
      "49": 0,
      "51": 0,
      "52": 0,
      "53": 0,
      "56": 0,
      "57": 0,
      "58": 0,
      "59": 0,
      "60": 0,
      "61": 0,
      "62": 0,
      "63": 0,
      "65": 0,
      "66": 0,
      "67": 0,
      "68": 0,
      "69": 0,
      "70": 0,
      "71": 0,
      "72": 0,
      "73": 0,
      "74": 0,
      "75": 0,
      "76": 0,
      "78": 0,
      "79": 0,
      "80": 0,
      "81": 0,
      "82": 0,
      "83": 0,
      "84": 0,
      "85": 0,
      "86": 0,
      "87": 0,
      "88": 0,
      "89": 0,
      "90": 0,
      "91": 0,
      "92": 0,
      "93": 0,
      "94": 0,
      "95": 0,
      "96": 0,
      "97": 0,
      "98": 0,
      "99": 0,
      "100": 0,
      "101": 0,
      "102": 0,
      "103": 0,
      "104": 0,
      "105": 0,
      "106": 0,
      "107": 0,
      "108": 0,
      "109": 0,
      "110": 0,
      "111": 0,
      "112": 0,
      "113": 0,
      "114": 0,
      "115": 0,
      "117": 0,
      "118": 0,
      "119": 0,
      "120": 0,
      "121": 0,
      "123": 0
    },
    "branchMap": {
      "0": {
        "type": "branch",
        "line": 1,
        "loc": { "start": { "line": 1, "column": 1876 }, "end": { "line": 124, "column": -1540 } },
        "locations": [
          { "start": { "line": 1, "column": 1876 }, "end": { "line": 124, "column": -1540 } }
        ]
      }
    },
    "b": { "0": [0] },
    "fnMap": {
      "0": {
        "name": "(empty-report)",
        "decl": { "start": { "line": 1, "column": 1876 }, "end": { "line": 124, "column": -1540 } },
        "loc": { "start": { "line": 1, "column": 1876 }, "end": { "line": 124, "column": -1540 } },
        "line": 1
      }
    },
    "f": { "0": 0 }
  },
  "E:\\Project\\10xCards\\src\\components\\flashcards\\AnimatedList.tsx": {
    "path": "E:\\Project\\10xCards\\src\\components\\flashcards\\AnimatedList.tsx",
    "all": true,
    "statementMap": {
      "0": { "start": { "line": 1, "column": 0 }, "end": { "line": 1, "column": 56 } },
      "8": { "start": { "line": 9, "column": 0 }, "end": { "line": 9, "column": 69 } },
      "9": { "start": { "line": 10, "column": 0 }, "end": { "line": 10, "column": 10 } },
      "10": { "start": { "line": 11, "column": 0 }, "end": { "line": 11, "column": 21 } },
      "11": { "start": { "line": 12, "column": 0 }, "end": { "line": 12, "column": 16 } },
      "12": { "start": { "line": 13, "column": 0 }, "end": { "line": 13, "column": 19 } },
      "13": { "start": { "line": 14, "column": 0 }, "end": { "line": 14, "column": 41 } },
      "14": { "start": { "line": 15, "column": 0 }, "end": { "line": 15, "column": 40 } },
      "15": { "start": { "line": 16, "column": 0 }, "end": { "line": 16, "column": 39 } },
      "16": { "start": { "line": 17, "column": 0 }, "end": { "line": 17, "column": 40 } },
      "18": { "start": { "line": 19, "column": 0 }, "end": { "line": 19, "column": 20 } },
      "19": { "start": { "line": 20, "column": 0 }, "end": { "line": 20, "column": 21 } },
      "21": { "start": { "line": 22, "column": 0 }, "end": { "line": 22, "column": 22 } },
      "23": { "start": { "line": 24, "column": 0 }, "end": { "line": 24, "column": 1 } }
    },
    "s": {
      "0": 0,
      "8": 0,
      "9": 0,
      "10": 0,
      "11": 0,
      "12": 0,
      "13": 0,
      "14": 0,
      "15": 0,
      "16": 0,
      "18": 0,
      "19": 0,
      "21": 0,
      "23": 0
    },
    "branchMap": {
      "0": {
        "type": "branch",
        "line": 1,
        "loc": { "start": { "line": 1, "column": 299 }, "end": { "line": 24, "column": -172 } },
        "locations": [
          { "start": { "line": 1, "column": 299 }, "end": { "line": 24, "column": -172 } }
        ]
      }
    },
    "b": { "0": [0] },
    "fnMap": {
      "0": {
        "name": "(empty-report)",
        "decl": { "start": { "line": 1, "column": 299 }, "end": { "line": 24, "column": -172 } },
        "loc": { "start": { "line": 1, "column": 299 }, "end": { "line": 24, "column": -172 } },
        "line": 1
      }
    },
    "f": { "0": 0 }
  },
  "E:\\Project\\10xCards\\src\\components\\flashcards\\FlashcardDetails.tsx": {
    "path": "E:\\Project\\10xCards\\src\\components\\flashcards\\FlashcardDetails.tsx",
    "all": true,
    "statementMap": {
      "0": { "start": { "line": 1, "column": 0 }, "end": { "line": 1, "column": 44 } },
      "1": { "start": { "line": 2, "column": 0 }, "end": { "line": 2, "column": 109 } },
      "2": { "start": { "line": 3, "column": 0 }, "end": { "line": 3, "column": 48 } },
      "3": { "start": { "line": 4, "column": 0 }, "end": { "line": 4, "column": 52 } },
      "4": { "start": { "line": 5, "column": 0 }, "end": { "line": 5, "column": 99 } },
      "5": { "start": { "line": 6, "column": 0 }, "end": { "line": 6, "column": 109 } },
      "6": { "start": { "line": 7, "column": 0 }, "end": { "line": 7, "column": 48 } },
      "8": { "start": { "line": 9, "column": 0 }, "end": { "line": 9, "column": 31 } },
      "10": { "start": { "line": 11, "column": 0 }, "end": { "line": 11, "column": 56 } },
      "12": { "start": { "line": 13, "column": 0 }, "end": { "line": 13, "column": 36 } },
      "13": { "start": { "line": 14, "column": 0 }, "end": { "line": 14, "column": 52 } },
      "14": { "start": { "line": 15, "column": 0 }, "end": { "line": 15, "column": 72 } },
      "15": { "start": { "line": 16, "column": 0 }, "end": { "line": 16, "column": 51 } },
      "16": { "start": { "line": 17, "column": 0 }, "end": { "line": 17, "column": 58 } },
      "17": { "start": { "line": 18, "column": 0 }, "end": { "line": 18, "column": 52 } },
      "18": { "start": { "line": 19, "column": 0 }, "end": { "line": 19, "column": 66 } },
      "19": { "start": { "line": 20, "column": 0 }, "end": { "line": 20, "column": 70 } },
      "20": { "start": { "line": 21, "column": 0 }, "end": { "line": 21, "column": 58 } },
      "23": { "start": { "line": 24, "column": 0 }, "end": { "line": 24, "column": 19 } },
      "25": { "start": { "line": 26, "column": 0 }, "end": { "line": 26, "column": 40 } },
      "26": { "start": { "line": 27, "column": 0 }, "end": { "line": 27, "column": 62 } },
      "27": { "start": { "line": 28, "column": 0 }, "end": { "line": 28, "column": 27 } },
      "28": { "start": { "line": 29, "column": 0 }, "end": { "line": 29, "column": 5 } },
      "29": { "start": { "line": 30, "column": 0 }, "end": { "line": 30, "column": 9 } },
      "32": { "start": { "line": 33, "column": 0 }, "end": { "line": 33, "column": 19 } },
      "33": { "start": { "line": 34, "column": 0 }, "end": { "line": 34, "column": 40 } },
      "34": { "start": { "line": 35, "column": 0 }, "end": { "line": 35, "column": 22 } },
      "36": { "start": { "line": 37, "column": 0 }, "end": { "line": 37, "column": 11 } },
      "37": { "start": { "line": 38, "column": 0 }, "end": { "line": 38, "column": 27 } },
      "38": { "start": { "line": 39, "column": 0 }, "end": { "line": 39, "column": 23 } },
      "40": { "start": { "line": 41, "column": 0 }, "end": { "line": 41, "column": 62 } },
      "42": { "start": { "line": 43, "column": 0 }, "end": { "line": 43, "column": 27 } },
      "43": { "start": { "line": 44, "column": 0 }, "end": { "line": 44, "column": 57 } },
      "44": { "start": { "line": 45, "column": 0 }, "end": { "line": 45, "column": 9 } },
      "46": { "start": { "line": 47, "column": 0 }, "end": { "line": 47, "column": 47 } },
      "47": { "start": { "line": 48, "column": 0 }, "end": { "line": 48, "column": 27 } },
      "48": { "start": { "line": 49, "column": 0 }, "end": { "line": 49, "column": 21 } },
      "49": { "start": { "line": 50, "column": 0 }, "end": { "line": 50, "column": 80 } },
      "50": { "start": { "line": 51, "column": 0 }, "end": { "line": 51, "column": 17 } },
      "51": { "start": { "line": 52, "column": 0 }, "end": { "line": 52, "column": 28 } },
      "52": { "start": { "line": 53, "column": 0 }, "end": { "line": 53, "column": 7 } },
      "53": { "start": { "line": 54, "column": 0 }, "end": { "line": 54, "column": 6 } },
      "55": { "start": { "line": 56, "column": 0 }, "end": { "line": 56, "column": 21 } },
      "56": { "start": { "line": 57, "column": 0 }, "end": { "line": 57, "column": 11 } },
      "58": { "start": { "line": 59, "column": 0 }, "end": { "line": 59, "column": 28 } },
      "59": { "start": { "line": 60, "column": 0 }, "end": { "line": 60, "column": 32 } },
      "60": { "start": { "line": 61, "column": 0 }, "end": { "line": 61, "column": 4 } },
      "62": { "start": { "line": 63, "column": 0 }, "end": { "line": 63, "column": 33 } },
      "63": { "start": { "line": 64, "column": 0 }, "end": { "line": 64, "column": 30 } },
      "64": { "start": { "line": 65, "column": 0 }, "end": { "line": 65, "column": 4 } },
      "66": { "start": { "line": 67, "column": 0 }, "end": { "line": 67, "column": 70 } },
      "67": { "start": { "line": 68, "column": 0 }, "end": { "line": 68, "column": 27 } },
      "69": { "start": { "line": 70, "column": 0 }, "end": { "line": 70, "column": 9 } },
      "70": { "start": { "line": 71, "column": 0 }, "end": { "line": 71, "column": 28 } },
      "72": { "start": { "line": 73, "column": 0 }, "end": { "line": 73, "column": 71 } },
      "73": { "start": { "line": 74, "column": 0 }, "end": { "line": 74, "column": 22 } },
      "74": { "start": { "line": 75, "column": 0 }, "end": { "line": 75, "column": 18 } },
      "75": { "start": { "line": 76, "column": 0 }, "end": { "line": 76, "column": 45 } },
      "76": { "start": { "line": 77, "column": 0 }, "end": { "line": 77, "column": 10 } },
      "77": { "start": { "line": 78, "column": 0 }, "end": { "line": 78, "column": 30 } },
      "78": { "start": { "line": 79, "column": 0 }, "end": { "line": 79, "column": 30 } },
      "79": { "start": { "line": 80, "column": 0 }, "end": { "line": 80, "column": 28 } },
      "80": { "start": { "line": 81, "column": 0 }, "end": { "line": 81, "column": 76 } },
      "81": { "start": { "line": 82, "column": 0 }, "end": { "line": 82, "column": 44 } },
      "82": { "start": { "line": 83, "column": 0 }, "end": { "line": 83, "column": 11 } },
      "83": { "start": { "line": 84, "column": 0 }, "end": { "line": 84, "column": 9 } },
      "85": { "start": { "line": 86, "column": 0 }, "end": { "line": 86, "column": 25 } },
      "86": { "start": { "line": 87, "column": 0 }, "end": { "line": 87, "column": 62 } },
      "87": { "start": { "line": 88, "column": 0 }, "end": { "line": 88, "column": 7 } },
      "89": { "start": { "line": 90, "column": 0 }, "end": { "line": 90, "column": 45 } },
      "90": { "start": { "line": 91, "column": 0 }, "end": { "line": 91, "column": 25 } },
      "91": { "start": { "line": 92, "column": 0 }, "end": { "line": 92, "column": 33 } },
      "92": { "start": { "line": 93, "column": 0 }, "end": { "line": 93, "column": 63 } },
      "93": { "start": { "line": 94, "column": 0 }, "end": { "line": 94, "column": 21 } },
      "94": { "start": { "line": 95, "column": 0 }, "end": { "line": 95, "column": 104 } },
      "95": { "start": { "line": 96, "column": 0 }, "end": { "line": 96, "column": 15 } },
      "96": { "start": { "line": 97, "column": 0 }, "end": { "line": 97, "column": 29 } },
      "97": { "start": { "line": 98, "column": 0 }, "end": { "line": 98, "column": 5 } },
      "98": { "start": { "line": 99, "column": 0 }, "end": { "line": 99, "column": 4 } },
      "100": { "start": { "line": 101, "column": 0 }, "end": { "line": 101, "column": 35 } },
      "101": { "start": { "line": 102, "column": 0 }, "end": { "line": 102, "column": 32 } },
      "102": { "start": { "line": 103, "column": 0 }, "end": { "line": 103, "column": 4 } },
      "104": { "start": { "line": 105, "column": 0 }, "end": { "line": 105, "column": 45 } },
      "105": { "start": { "line": 106, "column": 0 }, "end": { "line": 106, "column": 27 } },
      "107": { "start": { "line": 108, "column": 0 }, "end": { "line": 108, "column": 9 } },
      "108": { "start": { "line": 109, "column": 0 }, "end": { "line": 109, "column": 28 } },
      "110": { "start": { "line": 111, "column": 0 }, "end": { "line": 111, "column": 71 } },
      "111": { "start": { "line": 112, "column": 0 }, "end": { "line": 112, "column": 25 } },
      "112": { "start": { "line": 113, "column": 0 }, "end": { "line": 113, "column": 9 } },
      "114": { "start": { "line": 115, "column": 0 }, "end": { "line": 115, "column": 25 } },
      "115": { "start": { "line": 116, "column": 0 }, "end": { "line": 116, "column": 55 } },
      "116": { "start": { "line": 117, "column": 0 }, "end": { "line": 117, "column": 7 } },
      "118": { "start": { "line": 119, "column": 0 }, "end": { "line": 119, "column": 35 } },
      "119": { "start": { "line": 120, "column": 0 }, "end": { "line": 120, "column": 57 } },
      "122": { "start": { "line": 123, "column": 0 }, "end": { "line": 123, "column": 42 } },
      "123": { "start": { "line": 124, "column": 0 }, "end": { "line": 124, "column": 45 } },
      "124": { "start": { "line": 125, "column": 0 }, "end": { "line": 125, "column": 7 } },
      "125": { "start": { "line": 126, "column": 0 }, "end": { "line": 126, "column": 21 } },
      "126": { "start": { "line": 127, "column": 0 }, "end": { "line": 127, "column": 100 } },
      "127": { "start": { "line": 128, "column": 0 }, "end": { "line": 128, "column": 15 } },
      "128": { "start": { "line": 129, "column": 0 }, "end": { "line": 129, "column": 29 } },
      "129": { "start": { "line": 130, "column": 0 }, "end": { "line": 130, "column": 5 } },
      "130": { "start": { "line": 131, "column": 0 }, "end": { "line": 131, "column": 4 } },
      "132": { "start": { "line": 133, "column": 0 }, "end": { "line": 133, "column": 36 } },
      "133": { "start": { "line": 134, "column": 0 }, "end": { "line": 134, "column": 40 } },
      "134": { "start": { "line": 135, "column": 0 }, "end": { "line": 135, "column": 43 } },
      "135": { "start": { "line": 136, "column": 0 }, "end": { "line": 136, "column": 5 } },
      "136": { "start": { "line": 137, "column": 0 }, "end": { "line": 137, "column": 4 } },
      "138": { "start": { "line": 139, "column": 0 }, "end": { "line": 139, "column": 18 } },
      "139": { "start": { "line": 140, "column": 0 }, "end": { "line": 140, "column": 12 } },
      "140": { "start": { "line": 141, "column": 0 }, "end": { "line": 141, "column": 33 } },
      "141": { "start": { "line": 142, "column": 0 }, "end": { "line": 142, "column": 49 } },
      "142": { "start": { "line": 143, "column": 0 }, "end": { "line": 143, "column": 12 } },
      "144": { "start": { "line": 145, "column": 0 }, "end": { "line": 145, "column": 3 } },
      "146": { "start": { "line": 147, "column": 0 }, "end": { "line": 147, "column": 14 } },
      "147": { "start": { "line": 148, "column": 0 }, "end": { "line": 148, "column": 12 } },
      "148": { "start": { "line": 149, "column": 0 }, "end": { "line": 149, "column": 60 } },
      "149": { "start": { "line": 150, "column": 0 }, "end": { "line": 150, "column": 51 } },
      "150": { "start": { "line": 151, "column": 0 }, "end": { "line": 151, "column": 12 } },
      "152": { "start": { "line": 153, "column": 0 }, "end": { "line": 153, "column": 3 } },
      "154": { "start": { "line": 155, "column": 0 }, "end": { "line": 155, "column": 19 } },
      "155": { "start": { "line": 156, "column": 0 }, "end": { "line": 156, "column": 12 } },
      "156": { "start": { "line": 157, "column": 0 }, "end": { "line": 157, "column": 60 } },
      "157": { "start": { "line": 158, "column": 0 }, "end": { "line": 158, "column": 36 } },
      "158": { "start": { "line": 159, "column": 0 }, "end": { "line": 159, "column": 12 } },
      "160": { "start": { "line": 161, "column": 0 }, "end": { "line": 161, "column": 3 } },
      "162": { "start": { "line": 163, "column": 0 }, "end": { "line": 163, "column": 10 } },
      "163": { "start": { "line": 164, "column": 0 }, "end": { "line": 164, "column": 49 } },
      "164": { "start": { "line": 165, "column": 0 }, "end": { "line": 165, "column": 28 } },
      "165": { "start": { "line": 166, "column": 0 }, "end": { "line": 166, "column": 16 } },
      "166": { "start": { "line": 167, "column": 0 }, "end": { "line": 167, "column": 28 } },
      "167": { "start": { "line": 168, "column": 0 }, "end": { "line": 168, "column": 38 } },
      "168": { "start": { "line": 169, "column": 0 }, "end": { "line": 169, "column": 45 } },
      "170": { "start": { "line": 171, "column": 0 }, "end": { "line": 171, "column": 39 } },
      "172": { "start": { "line": 173, "column": 0 }, "end": { "line": 173, "column": 17 } },
      "173": { "start": { "line": 174, "column": 0 }, "end": { "line": 174, "column": 12 } },
      "175": { "start": { "line": 176, "column": 0 }, "end": { "line": 176, "column": 50 } },
      "176": { "start": { "line": 177, "column": 0 }, "end": { "line": 177, "column": 42 } },
      "177": { "start": { "line": 178, "column": 0 }, "end": { "line": 178, "column": 39 } },
      "178": { "start": { "line": 179, "column": 0 }, "end": { "line": 179, "column": 23 } },
      "179": { "start": { "line": 180, "column": 0 }, "end": { "line": 180, "column": 48 } },
      "180": { "start": { "line": 181, "column": 0 }, "end": { "line": 181, "column": 69 } },
      "181": { "start": { "line": 182, "column": 0 }, "end": { "line": 182, "column": 50 } },
      "182": { "start": { "line": 183, "column": 0 }, "end": { "line": 183, "column": 66 } },
      "183": { "start": { "line": 184, "column": 0 }, "end": { "line": 184, "column": 44 } },
      "184": { "start": { "line": 185, "column": 0 }, "end": { "line": 185, "column": 32 } },
      "186": { "start": { "line": 187, "column": 0 }, "end": { "line": 187, "column": 73 } },
      "187": { "start": { "line": 188, "column": 0 }, "end": { "line": 188, "column": 50 } },
      "188": { "start": { "line": 189, "column": 0 }, "end": { "line": 189, "column": 62 } },
      "189": { "start": { "line": 190, "column": 0 }, "end": { "line": 190, "column": 57 } },
      "190": { "start": { "line": 191, "column": 0 }, "end": { "line": 191, "column": 30 } },
      "191": { "start": { "line": 192, "column": 0 }, "end": { "line": 192, "column": 29 } },
      "192": { "start": { "line": 193, "column": 0 }, "end": { "line": 193, "column": 88 } },
      "193": { "start": { "line": 194, "column": 0 }, "end": { "line": 194, "column": 53 } },
      "194": { "start": { "line": 195, "column": 0 }, "end": { "line": 195, "column": 66 } },
      "195": { "start": { "line": 196, "column": 0 }, "end": { "line": 196, "column": 22 } },
      "196": { "start": { "line": 197, "column": 0 }, "end": { "line": 197, "column": 30 } },
      "197": { "start": { "line": 198, "column": 0 }, "end": { "line": 198, "column": 74 } },
      "198": { "start": { "line": 199, "column": 0 }, "end": { "line": 199, "column": 23 } },
      "199": { "start": { "line": 200, "column": 0 }, "end": { "line": 200, "column": 37 } },
      "200": { "start": { "line": 201, "column": 0 }, "end": { "line": 201, "column": 93 } },
      "201": { "start": { "line": 202, "column": 0 }, "end": { "line": 202, "column": 38 } },
      "202": { "start": { "line": 203, "column": 0 }, "end": { "line": 203, "column": 24 } },
      "203": { "start": { "line": 204, "column": 0 }, "end": { "line": 204, "column": 46 } },
      "204": { "start": { "line": 205, "column": 0 }, "end": { "line": 205, "column": 28 } },
      "205": { "start": { "line": 206, "column": 0 }, "end": { "line": 206, "column": 40 } },
      "206": { "start": { "line": 207, "column": 0 }, "end": { "line": 207, "column": 34 } },
      "207": { "start": { "line": 208, "column": 0 }, "end": { "line": 208, "column": 42 } },
      "208": { "start": { "line": 209, "column": 0 }, "end": { "line": 209, "column": 82 } },
      "210": { "start": { "line": 211, "column": 0 }, "end": { "line": 211, "column": 33 } },
      "211": { "start": { "line": 212, "column": 0 }, "end": { "line": 212, "column": 54 } },
      "212": { "start": { "line": 213, "column": 0 }, "end": { "line": 213, "column": 54 } },
      "214": { "start": { "line": 215, "column": 0 }, "end": { "line": 215, "column": 29 } },
      "215": { "start": { "line": 216, "column": 0 }, "end": { "line": 216, "column": 24 } },
      "216": { "start": { "line": 217, "column": 0 }, "end": { "line": 217, "column": 29 } },
      "217": { "start": { "line": 218, "column": 0 }, "end": { "line": 218, "column": 21 } },
      "218": { "start": { "line": 219, "column": 0 }, "end": { "line": 219, "column": 25 } },
      "219": { "start": { "line": 220, "column": 0 }, "end": { "line": 220, "column": 28 } },
      "221": { "start": { "line": 222, "column": 0 }, "end": { "line": 222, "column": 55 } },
      "222": { "start": { "line": 223, "column": 0 }, "end": { "line": 223, "column": 20 } },
      "223": { "start": { "line": 224, "column": 0 }, "end": { "line": 224, "column": 32 } },
      "224": { "start": { "line": 225, "column": 0 }, "end": { "line": 225, "column": 39 } },
      "225": { "start": { "line": 226, "column": 0 }, "end": { "line": 226, "column": 49 } },
      "227": { "start": { "line": 228, "column": 0 }, "end": { "line": 228, "column": 36 } },
      "229": { "start": { "line": 230, "column": 0 }, "end": { "line": 230, "column": 21 } },
      "230": { "start": { "line": 231, "column": 0 }, "end": { "line": 231, "column": 20 } },
      "231": { "start": { "line": 232, "column": 0 }, "end": { "line": 232, "column": 36 } },
      "232": { "start": { "line": 233, "column": 0 }, "end": { "line": 233, "column": 41 } },
      "233": { "start": { "line": 234, "column": 0 }, "end": { "line": 234, "column": 49 } },
      "235": { "start": { "line": 236, "column": 0 }, "end": { "line": 236, "column": 37 } },
      "237": { "start": { "line": 238, "column": 0 }, "end": { "line": 238, "column": 21 } },
      "238": { "start": { "line": 239, "column": 0 }, "end": { "line": 239, "column": 16 } },
      "239": { "start": { "line": 240, "column": 0 }, "end": { "line": 240, "column": 14 } },
      "240": { "start": { "line": 241, "column": 0 }, "end": { "line": 241, "column": 12 } },
      "243": { "start": { "line": 244, "column": 0 }, "end": { "line": 244, "column": 73 } },
      "244": { "start": { "line": 245, "column": 0 }, "end": { "line": 245, "column": 23 } },
      "245": { "start": { "line": 246, "column": 0 }, "end": { "line": 246, "column": 24 } },
      "246": { "start": { "line": 247, "column": 0 }, "end": { "line": 247, "column": 52 } },
      "247": { "start": { "line": 248, "column": 0 }, "end": { "line": 248, "column": 25 } },
      "248": { "start": { "line": 249, "column": 0 }, "end": { "line": 249, "column": 24 } },
      "249": { "start": { "line": 250, "column": 0 }, "end": { "line": 250, "column": 27 } },
      "250": { "start": { "line": 251, "column": 0 }, "end": { "line": 251, "column": 43 } },
      "251": { "start": { "line": 252, "column": 0 }, "end": { "line": 252, "column": 19 } },
      "252": { "start": { "line": 253, "column": 0 }, "end": { "line": 253, "column": 43 } },
      "253": { "start": { "line": 254, "column": 0 }, "end": { "line": 254, "column": 41 } },
      "254": { "start": { "line": 255, "column": 0 }, "end": { "line": 255, "column": 46 } },
      "255": { "start": { "line": 256, "column": 0 }, "end": { "line": 256, "column": 19 } },
      "256": { "start": { "line": 257, "column": 0 }, "end": { "line": 257, "column": 19 } },
      "257": { "start": { "line": 258, "column": 0 }, "end": { "line": 258, "column": 43 } },
      "258": { "start": { "line": 259, "column": 0 }, "end": { "line": 259, "column": 41 } },
      "259": { "start": { "line": 260, "column": 0 }, "end": { "line": 260, "column": 49 } },
      "260": { "start": { "line": 261, "column": 0 }, "end": { "line": 261, "column": 70 } },
      "261": { "start": { "line": 262, "column": 0 }, "end": { "line": 262, "column": 19 } },
      "263": { "start": { "line": 264, "column": 0 }, "end": { "line": 264, "column": 42 } },
      "264": { "start": { "line": 265, "column": 0 }, "end": { "line": 265, "column": 55 } },
      "265": { "start": { "line": 266, "column": 0 }, "end": { "line": 266, "column": 39 } },
      "266": { "start": { "line": 267, "column": 0 }, "end": { "line": 267, "column": 12 } },
      "267": { "start": { "line": 268, "column": 0 }, "end": { "line": 268, "column": 24 } },
      "268": { "start": { "line": 269, "column": 0 }, "end": { "line": 269, "column": 15 } },
      "271": { "start": { "line": 272, "column": 0 }, "end": { "line": 272, "column": 77 } },
      "272": { "start": { "line": 273, "column": 0 }, "end": { "line": 273, "column": 23 } },
      "273": { "start": { "line": 274, "column": 0 }, "end": { "line": 274, "column": 24 } },
      "274": { "start": { "line": 275, "column": 0 }, "end": { "line": 275, "column": 50 } },
      "275": { "start": { "line": 276, "column": 0 }, "end": { "line": 276, "column": 31 } },
      "277": { "start": { "line": 278, "column": 0 }, "end": { "line": 278, "column": 32 } },
      "278": { "start": { "line": 279, "column": 0 }, "end": { "line": 279, "column": 25 } },
      "279": { "start": { "line": 280, "column": 0 }, "end": { "line": 280, "column": 50 } },
      "280": { "start": { "line": 281, "column": 0 }, "end": { "line": 281, "column": 83 } },
      "282": { "start": { "line": 283, "column": 0 }, "end": { "line": 283, "column": 21 } },
      "283": { "start": { "line": 284, "column": 0 }, "end": { "line": 284, "column": 98 } },
      "284": { "start": { "line": 285, "column": 0 }, "end": { "line": 285, "column": 53 } },
      "285": { "start": { "line": 286, "column": 0 }, "end": { "line": 286, "column": 21 } },
      "286": { "start": { "line": 287, "column": 0 }, "end": { "line": 287, "column": 16 } },
      "287": { "start": { "line": 288, "column": 0 }, "end": { "line": 288, "column": 24 } },
      "288": { "start": { "line": 289, "column": 0 }, "end": { "line": 289, "column": 15 } },
      "289": { "start": { "line": 290, "column": 0 }, "end": { "line": 290, "column": 10 } },
      "291": { "start": { "line": 292, "column": 0 }, "end": { "line": 292, "column": 1 } }
    },
    "s": {
      "0": 0,
      "1": 0,
      "2": 0,
      "3": 0,
      "4": 0,
      "5": 0,
      "6": 0,
      "8": 0,
      "10": 0,
      "12": 0,
      "13": 0,
      "14": 0,
      "15": 0,
      "16": 0,
      "17": 0,
      "18": 0,
      "19": 0,
      "20": 0,
      "23": 0,
      "25": 0,
      "26": 0,
      "27": 0,
      "28": 0,
      "29": 0,
      "32": 0,
      "33": 0,
      "34": 0,
      "36": 0,
      "37": 0,
      "38": 0,
      "40": 0,
      "42": 0,
      "43": 0,
      "44": 0,
      "46": 0,
      "47": 0,
      "48": 0,
      "49": 0,
      "50": 0,
      "51": 0,
      "52": 0,
      "53": 0,
      "55": 0,
      "56": 0,
      "58": 0,
      "59": 0,
      "60": 0,
      "62": 0,
      "63": 0,
      "64": 0,
      "66": 0,
      "67": 0,
      "69": 0,
      "70": 0,
      "72": 0,
      "73": 0,
      "74": 0,
      "75": 0,
      "76": 0,
      "77": 0,
      "78": 0,
      "79": 0,
      "80": 0,
      "81": 0,
      "82": 0,
      "83": 0,
      "85": 0,
      "86": 0,
      "87": 0,
      "89": 0,
      "90": 0,
      "91": 0,
      "92": 0,
      "93": 0,
      "94": 0,
      "95": 0,
      "96": 0,
      "97": 0,
      "98": 0,
      "100": 0,
      "101": 0,
      "102": 0,
      "104": 0,
      "105": 0,
      "107": 0,
      "108": 0,
      "110": 0,
      "111": 0,
      "112": 0,
      "114": 0,
      "115": 0,
      "116": 0,
      "118": 0,
      "119": 0,
      "122": 0,
      "123": 0,
      "124": 0,
      "125": 0,
      "126": 0,
      "127": 0,
      "128": 0,
      "129": 0,
      "130": 0,
      "132": 0,
      "133": 0,
      "134": 0,
      "135": 0,
      "136": 0,
      "138": 0,
      "139": 0,
      "140": 0,
      "141": 0,
      "142": 0,
      "144": 0,
      "146": 0,
      "147": 0,
      "148": 0,
      "149": 0,
      "150": 0,
      "152": 0,
      "154": 0,
      "155": 0,
      "156": 0,
      "157": 0,
      "158": 0,
      "160": 0,
      "162": 0,
      "163": 0,
      "164": 0,
      "165": 0,
      "166": 0,
      "167": 0,
      "168": 0,
      "170": 0,
      "172": 0,
      "173": 0,
      "175": 0,
      "176": 0,
      "177": 0,
      "178": 0,
      "179": 0,
      "180": 0,
      "181": 0,
      "182": 0,
      "183": 0,
      "184": 0,
      "186": 0,
      "187": 0,
      "188": 0,
      "189": 0,
      "190": 0,
      "191": 0,
      "192": 0,
      "193": 0,
      "194": 0,
      "195": 0,
      "196": 0,
      "197": 0,
      "198": 0,
      "199": 0,
      "200": 0,
      "201": 0,
      "202": 0,
      "203": 0,
      "204": 0,
      "205": 0,
      "206": 0,
      "207": 0,
      "208": 0,
      "210": 0,
      "211": 0,
      "212": 0,
      "214": 0,
      "215": 0,
      "216": 0,
      "217": 0,
      "218": 0,
      "219": 0,
      "221": 0,
      "222": 0,
      "223": 0,
      "224": 0,
      "225": 0,
      "227": 0,
      "229": 0,
      "230": 0,
      "231": 0,
      "232": 0,
      "233": 0,
      "235": 0,
      "237": 0,
      "238": 0,
      "239": 0,
      "240": 0,
      "243": 0,
      "244": 0,
      "245": 0,
      "246": 0,
      "247": 0,
      "248": 0,
      "249": 0,
      "250": 0,
      "251": 0,
      "252": 0,
      "253": 0,
      "254": 0,
      "255": 0,
      "256": 0,
      "257": 0,
      "258": 0,
      "259": 0,
      "260": 0,
      "261": 0,
      "263": 0,
      "264": 0,
      "265": 0,
      "266": 0,
      "267": 0,
      "268": 0,
      "271": 0,
      "272": 0,
      "273": 0,
      "274": 0,
      "275": 0,
      "277": 0,
      "278": 0,
      "279": 0,
      "280": 0,
      "282": 0,
      "283": 0,
      "284": 0,
      "285": 0,
      "286": 0,
      "287": 0,
      "288": 0,
      "289": 0,
      "291": 0
    },
    "branchMap": {
      "0": {
        "type": "branch",
        "line": 1,
        "loc": { "start": { "line": 1, "column": 4559 }, "end": { "line": 292, "column": -3525 } },
        "locations": [
          { "start": { "line": 1, "column": 4559 }, "end": { "line": 292, "column": -3525 } }
        ]
      }
    },
    "b": { "0": [0] },
    "fnMap": {
      "0": {
        "name": "(empty-report)",
        "decl": { "start": { "line": 1, "column": 4559 }, "end": { "line": 292, "column": -3525 } },
        "loc": { "start": { "line": 1, "column": 4559 }, "end": { "line": 292, "column": -3525 } },
        "line": 1
      }
    },
    "f": { "0": 0 }
  },
  "E:\\Project\\10xCards\\src\\components\\flashcards\\FlashcardForm.tsx": {
    "path": "E:\\Project\\10xCards\\src\\components\\flashcards\\FlashcardForm.tsx",
    "all": true,
    "statementMap": {
      "0": { "start": { "line": 1, "column": 0 }, "end": { "line": 1, "column": 42 } },
      "1": { "start": { "line": 2, "column": 0 }, "end": { "line": 2, "column": 54 } },
      "3": { "start": { "line": 4, "column": 0 }, "end": { "line": 4, "column": 66 } },
      "4": { "start": { "line": 5, "column": 0 }, "end": { "line": 5, "column": 48 } },
      "5": { "start": { "line": 6, "column": 0 }, "end": { "line": 6, "column": 8 } },
      "13": { "start": { "line": 14, "column": 0 }, "end": { "line": 14, "column": 52 } },
      "22": { "start": { "line": 23, "column": 0 }, "end": { "line": 23, "column": 31 } },
[...]
      "112": { "start": { "line": 113, "column": 0 }, "end": { "line": 113, "column": 66 } },
      "113": { "start": { "line": 114, "column": 0 }, "end": { "line": 114, "column": 33 } },
      "114": { "start": { "line": 115, "column": 0 }, "end": { "line": 115, "column": 69 } },
      "115": { "start": { "line": 116, "column": 0 }, "end": { "line": 116, "column": 20 } },
      "116": { "start": { "line": 117, "column": 0 }, "end": { "line": 117, "column": 9 } },
      "117": { "start": { "line": 118, "column": 0 }, "end": { "line": 118, "column": 5 } },
      "118": { "start": { "line": 119, "column": 0 }, "end": { "line": 119, "column": 77 } },
      "119": { "start": { "line": 120, "column": 0 }, "end": { "line": 120, "column": 18 } },
      "120": { "start": { "line": 121, "column": 0 }, "end": { "line": 121, "column": 7 } },
      "121": { "start": { "line": 122, "column": 0 }, "end": { "line": 122, "column": 3 } },
      "122": { "start": { "line": 123, "column": 0 }, "end": { "line": 123, "column": 2 } }
    },
    "s": {
      "0": 0,
      "1": 0,
      "2": 0,
      "3": 0,
      "4": 0,
      "5": 0,
      "6": 0,
      "7": 0,
      "8": 0,
      "9": 0,
      "10": 0,
      "11": 0,
      "12": 0,
      "13": 0,
      "14": 0,
      "15": 0,
      "16": 0,
      "17": 0,
      "18": 0,
      "19": 0,
      "20": 0,
      "21": 0,
      "22": 0,
      "23": 0,
      "24": 0,
      "25": 0,
      "26": 0,
      "27": 0,
      "28": 0,
      "29": 0,
      "30": 0,
      "31": 0,
      "32": 0,
      "33": 0,
      "34": 0,
      "35": 0,
      "36": 0,
      "37": 0,
      "38": 0,
      "39": 0,
      "40": 0,
      "41": 0,
      "42": 0,
      "43": 0,
      "44": 0,
      "45": 0,
      "46": 0,
      "47": 0,
      "48": 0,
      "49": 0,
      "50": 0,
      "51": 0,
      "52": 0,
      "53": 0,
      "54": 0,
      "55": 0,
      "56": 0,
      "57": 0,
      "58": 0,
      "59": 0,
      "60": 0,
      "61": 0,
      "62": 0,
      "63": 0,
      "64": 0,
      "65": 0,
      "66": 0,
      "67": 0,
      "68": 0,
      "69": 0,
      "70": 0,
      "71": 0,
      "72": 0,
      "73": 0,
      "74": 0,
      "75": 0,
      "76": 0,
      "77": 0,
      "78": 0,
      "79": 0,
      "80": 0,
      "81": 0,
      "82": 0,
      "83": 0,
      "84": 0,
      "85": 0,
      "86": 0,
      "87": 0,
      "88": 0,
      "89": 0,
      "90": 0,
      "91": 0,
      "92": 0,
      "93": 0,
      "94": 0,
      "95": 0,
      "96": 0,
      "97": 0,
      "98": 0,
      "99": 0,
      "100": 0,
      "101": 0,
      "102": 0,
      "103": 0,
      "104": 0,
      "105": 0,
      "106": 0,
      "107": 0,
      "108": 0,
      "109": 0,
      "110": 0,
      "111": 0,
      "112": 0,
      "113": 0,
      "114": 0,
      "115": 0,
      "116": 0,
      "117": 0,
      "118": 0,
      "119": 0,
      "120": 0,
      "121": 0,
      "122": 0
    },
    "branchMap": {
      "0": {
        "type": "branch",
        "line": 1,
        "loc": { "start": { "line": 1, "column": 0 }, "end": { "line": 123, "column": 2 } },
        "locations": [{ "start": { "line": 1, "column": 0 }, "end": { "line": 123, "column": 2 } }]
      }
    },
    "b": { "0": [0] },
    "fnMap": {
      "0": {
        "name": "(empty-report)",
        "decl": { "start": { "line": 1, "column": 0 }, "end": { "line": 123, "column": 2 } },
        "loc": { "start": { "line": 1, "column": 0 }, "end": { "line": 123, "column": 2 } },
        "line": 1
      }
    },
    "f": { "0": 0 }
  },
  "E:\\Project\\10xCards\\src\\pages\\api\\flashcards\\index.ts": {
    "path": "E:\\Project\\10xCards\\src\\pages\\api\\flashcards\\index.ts",
    "all": true,
    "statementMap": {
      "1": { "start": { "line": 2, "column": 0 }, "end": { "line": 2, "column": 68 } },
      "2": { "start": { "line": 3, "column": 0 }, "end": { "line": 3, "column": 87 } },
      "5": { "start": { "line": 6, "column": 0 }, "end": { "line": 6, "column": 31 } },
      "7": { "start": { "line": 8, "column": 0 }, "end": { "line": 8, "column": 57 } },
      "8": { "start": { "line": 9, "column": 0 }, "end": { "line": 9, "column": 7 } },
      "9": { "start": { "line": 10, "column": 0 }, "end": { "line": 10, "column": 35 } },
      "10": { "start": { "line": 11, "column": 0 }, "end": { "line": 11, "column": 18 } },
      "11": { "start": { "line": 12, "column": 0 }, "end": { "line": 12, "column": 70 } },
      "12": { "start": { "line": 13, "column": 0 }, "end": { "line": 13, "column": 20 } },
      "13": { "start": { "line": 14, "column": 0 }, "end": { "line": 14, "column": 9 } },
      "14": { "start": { "line": 15, "column": 0 }, "end": { "line": 15, "column": 5 } },
      "16": { "start": { "line": 17, "column": 0 }, "end": { "line": 17, "column": 71 } },
      "17": { "start": { "line": 18, "column": 0 }, "end": { "line": 18, "column": 56 } },
      "18": { "start": { "line": 19, "column": 0 }, "end": { "line": 19, "column": 21 } },
      "19": { "start": { "line": 20, "column": 0 }, "end": { "line": 20, "column": 42 } },
      "20": { "start": { "line": 21, "column": 0 }, "end": { "line": 21, "column": 44 } },
      "21": { "start": { "line": 22, "column": 0 }, "end": { "line": 22, "column": 7 } },
      "23": { "start": { "line": 24, "column": 0 }, "end": { "line": 24, "column": 67 } },
      "24": { "start": { "line": 25, "column": 0 }, "end": { "line": 25, "column": 79 } },
      "26": { "start": { "line": 27, "column": 0 }, "end": { "line": 27, "column": 24 } },
      "27": { "start": { "line": 28, "column": 0 }, "end": { "line": 28, "column": 22 } },
      "28": { "start": { "line": 29, "column": 0 }, "end": { "line": 29, "column": 24 } },
      "29": { "start": { "line": 30, "column": 0 }, "end": { "line": 30, "column": 15 } },
      "30": { "start": { "line": 31, "column": 0 }, "end": { "line": 31, "column": 39 } },
      "31": { "start": { "line": 32, "column": 0 }, "end": { "line": 32, "column": 37 } },
      "32": { "start": { "line": 33, "column": 0 }, "end": { "line": 33, "column": 39 } },
      "33": { "start": { "line": 34, "column": 0 }, "end": { "line": 34, "column": 10 } },
      "34": { "start": { "line": 35, "column": 0 }, "end": { "line": 35, "column": 9 } },
      "35": { "start": { "line": 36, "column": 0 }, "end": { "line": 36, "column": 7 } },
      "36": { "start": { "line": 37, "column": 0 }, "end": { "line": 37, "column": 20 } },
      "37": { "start": { "line": 38, "column": 0 }, "end": { "line": 38, "column": 18 } },
      "38": { "start": { "line": 39, "column": 0 }, "end": { "line": 39, "column": 45 } },
      "39": { "start": { "line": 40, "column": 0 }, "end": { "line": 40, "column": 10 } },
      "40": { "start": { "line": 41, "column": 0 }, "end": { "line": 41, "column": 7 } },
      "41": { "start": { "line": 42, "column": 0 }, "end": { "line": 42, "column": 6 } },
      "42": { "start": { "line": 43, "column": 0 }, "end": { "line": 43, "column": 19 } },
      "43": { "start": { "line": 44, "column": 0 }, "end": { "line": 44, "column": 58 } },
      "44": { "start": { "line": 45, "column": 0 }, "end": { "line": 45, "column": 33 } },
      "45": { "start": { "line": 46, "column": 0 }, "end": { "line": 46, "column": 26 } },
      "46": { "start": { "line": 47, "column": 0 }, "end": { "line": 47, "column": 49 } },
      "47": { "start": { "line": 48, "column": 0 }, "end": { "line": 48, "column": 9 } },
      "48": { "start": { "line": 49, "column": 0 }, "end": { "line": 49, "column": 22 } },
      "49": { "start": { "line": 50, "column": 0 }, "end": { "line": 50, "column": 9 } },
      "50": { "start": { "line": 51, "column": 0 }, "end": { "line": 51, "column": 8 } },
      "51": { "start": { "line": 52, "column": 0 }, "end": { "line": 52, "column": 5 } },
      "52": { "start": { "line": 53, "column": 0 }, "end": { "line": 53, "column": 24 } },
      "53": { "start": { "line": 54, "column": 0 }, "end": { "line": 54, "column": 57 } },
      "54": { "start": { "line": 55, "column": 0 }, "end": { "line": 55, "column": 7 } },
      "55": { "start": { "line": 56, "column": 0 }, "end": { "line": 56, "column": 20 } },
      "56": { "start": { "line": 57, "column": 0 }, "end": { "line": 57, "column": 7 } },
      "57": { "start": { "line": 58, "column": 0 }, "end": { "line": 58, "column": 6 } },
      "58": { "start": { "line": 59, "column": 0 }, "end": { "line": 59, "column": 3 } },
      "59": { "start": { "line": 60, "column": 0 }, "end": { "line": 60, "column": 2 } },
      "61": { "start": { "line": 62, "column": 0 }, "end": { "line": 62, "column": 62 } },
      "62": { "start": { "line": 63, "column": 0 }, "end": { "line": 63, "column": 7 } },
      "63": { "start": { "line": 64, "column": 0 }, "end": { "line": 64, "column": 35 } },
      "64": { "start": { "line": 65, "column": 0 }, "end": { "line": 65, "column": 18 } },
      "65": { "start": { "line": 66, "column": 0 }, "end": { "line": 66, "column": 70 } },
      "66": { "start": { "line": 67, "column": 0 }, "end": { "line": 67, "column": 20 } },
      "67": { "start": { "line": 68, "column": 0 }, "end": { "line": 68, "column": 9 } },
      "68": { "start": { "line": 69, "column": 0 }, "end": { "line": 69, "column": 5 } },
      "70": { "start": { "line": 71, "column": 0 }, "end": { "line": 71, "column": 38 } },
      "73": { "start": { "line": 74, "column": 0 }, "end": { "line": 74, "column": 41 } },
      "75": { "start": { "line": 76, "column": 0 }, "end": { "line": 76, "column": 69 } },
      "76": { "start": { "line": 77, "column": 0 }, "end": { "line": 77, "column": 22 } },
      "82": { "start": { "line": 83, "column": 0 }, "end": { "line": 83, "column": 11 } },
      "83": { "start": { "line": 84, "column": 0 }, "end": { "line": 84, "column": 17 } },
      "84": { "start": { "line": 85, "column": 0 }, "end": { "line": 85, "column": 18 } },
      "85": { "start": { "line": 86, "column": 0 }, "end": { "line": 86, "column": 8 } },
      "87": { "start": { "line": 88, "column": 0 }, "end": { "line": 88, "column": 48 } },
      "88": { "start": { "line": 89, "column": 0 }, "end": { "line": 89, "column": 13 } },
      "89": { "start": { "line": 90, "column": 0 }, "end": { "line": 90, "column": 81 } },
      "90": { "start": { "line": 91, "column": 0 }, "end": { "line": 91, "column": 34 } },
      "91": { "start": { "line": 92, "column": 0 }, "end": { "line": 92, "column": 25 } },
      "92": { "start": { "line": 93, "column": 0 }, "end": { "line": 93, "column": 31 } },
      "93": { "start": { "line": 94, "column": 0 }, "end": { "line": 94, "column": 22 } },
      "94": { "start": { "line": 95, "column": 0 }, "end": { "line": 95, "column": 75 } },
      "95": { "start": { "line": 96, "column": 0 }, "end": { "line": 96, "column": 13 } },
      "96": { "start": { "line": 97, "column": 0 }, "end": { "line": 97, "column": 9 } },
      "97": { "start": { "line": 98, "column": 0 }, "end": { "line": 98, "column": 7 } },
      "99": { "start": { "line": 100, "column": 0 }, "end": { "line": 100, "column": 52 } },
      "100": { "start": { "line": 101, "column": 0 }, "end": { "line": 101, "column": 20 } },
      "101": { "start": { "line": 102, "column": 0 }, "end": { "line": 102, "column": 18 } },
      "102": { "start": { "line": 103, "column": 0 }, "end": { "line": 103, "column": 45 } },
      "103": { "start": { "line": 104, "column": 0 }, "end": { "line": 104, "column": 10 } },
      "104": { "start": { "line": 105, "column": 0 }, "end": { "line": 105, "column": 9 } },
      "105": { "start": { "line": 106, "column": 0 }, "end": { "line": 106, "column": 12 } },
      "107": { "start": { "line": 108, "column": 0 }, "end": { "line": 108, "column": 56 } },
      "108": { "start": { "line": 109, "column": 0 }, "end": { "line": 109, "column": 69 } },
      "109": { "start": { "line": 110, "column": 0 }, "end": { "line": 110, "column": 81 } },
      "111": { "start": { "line": 112, "column": 0 }, "end": { "line": 112, "column": 53 } },
      "112": { "start": { "line": 113, "column": 0 }, "end": { "line": 113, "column": 20 } },
      "113": { "start": { "line": 114, "column": 0 }, "end": { "line": 114, "column": 18 } },
      "114": { "start": { "line": 115, "column": 0 }, "end": { "line": 115, "column": 45 } },
      "115": { "start": { "line": 116, "column": 0 }, "end": { "line": 116, "column": 10 } },
      "116": { "start": { "line": 117, "column": 0 }, "end": { "line": 117, "column": 9 } },
      "117": { "start": { "line": 118, "column": 0 }, "end": { "line": 118, "column": 5 } },
      "118": { "start": { "line": 119, "column": 0 }, "end": { "line": 119, "column": 19 } },
      "119": { "start": { "line": 120, "column": 0 }, "end": { "line": 120, "column": 59 } },
      "120": { "start": { "line": 121, "column": 0 }, "end": { "line": 121, "column": 33 } },
      "121": { "start": { "line": 122, "column": 0 }, "end": { "line": 122, "column": 26 } },
      "122": { "start": { "line": 123, "column": 0 }, "end": { "line": 123, "column": 49 } },
      "123": { "start": { "line": 124, "column": 0 }, "end": { "line": 124, "column": 9 } },
      "124": { "start": { "line": 125, "column": 0 }, "end": { "line": 125, "column": 22 } },
      "125": { "start": { "line": 126, "column": 0 }, "end": { "line": 126, "column": 9 } },
      "126": { "start": { "line": 127, "column": 0 }, "end": { "line": 127, "column": 8 } },
      "127": { "start": { "line": 128, "column": 0 }, "end": { "line": 128, "column": 5 } },
      "128": { "start": { "line": 129, "column": 0 }, "end": { "line": 129, "column": 24 } },
      "129": { "start": { "line": 130, "column": 0 }, "end": { "line": 130, "column": 57 } },
      "130": { "start": { "line": 131, "column": 0 }, "end": { "line": 131, "column": 7 } },
      "131": { "start": { "line": 132, "column": 0 }, "end": { "line": 132, "column": 20 } },
      "132": { "start": { "line": 133, "column": 0 }, "end": { "line": 133, "column": 7 } },
      "133": { "start": { "line": 134, "column": 0 }, "end": { "line": 134, "column": 6 } },
      "134": { "start": { "line": 135, "column": 0 }, "end": { "line": 135, "column": 3 } },
      "135": { "start": { "line": 136, "column": 0 }, "end": { "line": 136, "column": 2 } }
    },
    "s": {
      "1": 0,
      "2": 0,
      "5": 0,
      "7": 0,
      "8": 0,
      "9": 0,
      "10": 0,
      "11": 0,
      "12": 0,
      "13": 0,
      "14": 0,
      "16": 0,
      "17": 0,
      "18": 0,
      "19": 0,
      "20": 0,
      "21": 0,
      "23": 0,
      "24": 0,
      "26": 0,
      "27": 0,
      "28": 0,
      "29": 0,
      "30": 0,
      "31": 0,
      "32": 0,
      "33": 0,
      "34": 0,
      "35": 0,
      "36": 0,
      "37": 0,
      "38": 0,
      "39": 0,
      "40": 0,
      "41": 0,
      "42": 0,
      "43": 0,
      "44": 0,
      "45": 0,
      "46": 0,
      "47": 0,
      "48": 0,
      "49": 0,
      "50": 0,
      "51": 0,
      "52": 0,
      "53": 0,
      "54": 0,
      "55": 0,
      "56": 0,
      "57": 0,
      "58": 0,
      "59": 0,
      "61": 0,
      "62": 0,
      "63": 0,
      "64": 0,
      "65": 0,
      "66": 0,
      "67": 0,
      "68": 0,
      "70": 0,
      "73": 0,
      "75": 0,
      "76": 0,
      "82": 0,
      "83": 0,
      "84": 0,
      "85": 0,
      "87": 0,
      "88": 0,
      "89": 0,
      "90": 0,
      "91": 0,
      "92": 0,
      "93": 0,
      "94": 0,
      "95": 0,
      "96": 0,
      "97": 0,
      "99": 0,
      "100": 0,
      "101": 0,
      "102": 0,
      "103": 0,
      "104": 0,
      "105": 0,
      "107": 0,
      "108": 0,
      "109": 0,
      "111": 0,
      "112": 0,
      "113": 0,
      "114": 0,
      "115": 0,
      "116": 0,
      "117": 0,
      "118": 0,
      "119": 0,
      "120": 0,
      "121": 0,
      "122": 0,
      "123": 0,
      "124": 0,
      "125": 0,
      "126": 0,
      "127": 0,
      "128": 0,
      "129": 0,
      "130": 0,
      "131": 0,
      "132": 0,
      "133": 0,
      "134": 0,
      "135": 0
    },
    "branchMap": {
      "0": {
        "type": "branch",
        "line": 1,
        "loc": { "start": { "line": 1, "column": 3793 }, "end": { "line": 136, "column": 2 } },
        "locations": [
          { "start": { "line": 1, "column": 3793 }, "end": { "line": 136, "column": 2 } }
        ]
      }
    },
    "b": { "0": [1] },
    "fnMap": {
      "0": {
        "name": "(empty-report)",
        "decl": { "start": { "line": 1, "column": 3793 }, "end": { "line": 136, "column": 2 } },
        "loc": { "start": { "line": 1, "column": 3793 }, "end": { "line": 136, "column": 2 } },
        "line": 1
      }
    },
    "f": { "0": 1 }
  },
  "E:\\Project\\10xCards\\src\\pages\\flashcards\\[id].astro": {
    "path": "E:\\Project\\10xCards\\src\\pages\\flashcards\\[id].astro",
    "all": true,
    "statementMap": {
      "0": { "start": { "line": 1, "column": 0 }, "end": { "line": 1, "column": 3 } },
      "1": { "start": { "line": 2, "column": 0 }, "end": { "line": 2, "column": 52 } },
      "2": { "start": { "line": 3, "column": 0 }, "end": { "line": 3, "column": 76 } },
      "3": { "start": { "line": 4, "column": 0 }, "end": { "line": 4, "column": 0 } },
      "4": { "start": { "line": 5, "column": 0 }, "end": { "line": 5, "column": 31 } },
      "5": { "start": { "line": 6, "column": 0 }, "end": { "line": 6, "column": 0 } },
      "6": { "start": { "line": 7, "column": 0 }, "end": { "line": 7, "column": 28 } },
      "7": { "start": { "line": 8, "column": 0 }, "end": { "line": 8, "column": 0 } },
      "8": { "start": { "line": 9, "column": 0 }, "end": { "line": 9, "column": 42 } },
      "9": { "start": { "line": 10, "column": 0 }, "end": { "line": 10, "column": 25 } },
      "10": { "start": { "line": 11, "column": 0 }, "end": { "line": 11, "column": 34 } },
      "11": { "start": { "line": 12, "column": 0 }, "end": { "line": 12, "column": 1 } },
      "12": { "start": { "line": 13, "column": 0 }, "end": { "line": 13, "column": 0 } },
      "13": { "start": { "line": 14, "column": 0 }, "end": { "line": 14, "column": 32 } },
      "14": { "start": { "line": 15, "column": 0 }, "end": { "line": 15, "column": 10 } },
      "15": { "start": { "line": 16, "column": 0 }, "end": { "line": 16, "column": 39 } },
      "16": { "start": { "line": 17, "column": 0 }, "end": { "line": 17, "column": 1 } },
      "17": { "start": { "line": 18, "column": 0 }, "end": { "line": 18, "column": 3 } },
      "18": { "start": { "line": 19, "column": 0 }, "end": { "line": 19, "column": 0 } },
      "19": { "start": { "line": 20, "column": 0 }, "end": { "line": 20, "column": 37 } },
      "20": { "start": { "line": 21, "column": 0 }, "end": { "line": 21, "column": 39 } },
      "21": { "start": { "line": 22, "column": 0 }, "end": { "line": 22, "column": 44 } },
      "22": { "start": { "line": 23, "column": 0 }, "end": { "line": 23, "column": 9 } },
      "23": { "start": { "line": 24, "column": 0 }, "end": { "line": 24, "column": 13 } }
    },
    "s": {
      "0": 0,
      "1": 0,
      "2": 0,
      "3": 0,
      "4": 0,
      "5": 0,
      "6": 0,
      "7": 0,
      "8": 0,
      "9": 0,
      "10": 0,
      "11": 0,
      "12": 0,
      "13": 0,
      "14": 0,
      "15": 0,
      "16": 0,
      "17": 0,
      "18": 0,
      "19": 0,
      "20": 0,
      "21": 0,
      "22": 0,
      "23": 0
    },
    "branchMap": {
      "0": {
        "type": "branch",
        "line": 1,
        "loc": { "start": { "line": 1, "column": 0 }, "end": { "line": 24, "column": 13 } },
        "locations": [{ "start": { "line": 1, "column": 0 }, "end": { "line": 24, "column": 13 } }]
      }
    },
    "b": { "0": [0] },
    "fnMap": {
      "0": {
        "name": "(empty-report)",
        "decl": { "start": { "line": 1, "column": 0 }, "end": { "line": 24, "column": 13 } },
        "loc": { "start": { "line": 1, "column": 0 }, "end": { "line": 24, "column": 13 } },
        "line": 1
      }
    },
    "f": { "0": 0 }
  }
}
